#
# There is insufficient memory for the Java Runtime Environment to continue.
# Native memory allocation (malloc) failed to allocate 460080 bytes. Error detail: Chunk::new
# Possible reasons:
#   The system is out of physical RAM or swap space
#   This process is running with CompressedOops enabled, and the Java Heap may be blocking the growth of the native heap
# Possible solutions:
#   Reduce memory load on the system
#   Increase physical memory or swap space
#   Check if swap backing store is full
#   Decrease Java heap size (-Xmx/-Xms)
#   Decrease number of Java threads
#   Decrease Java thread stack sizes (-Xss)
#   Set larger code cache with -XX:ReservedCodeCacheSize=
#   JVM is running with Unscaled Compressed Oops mode in which the Java heap is
#     placed in the first 4GB address space. The Java Heap base address is the
#     maximum limit for the native heap growth. Please use -XX:HeapBaseMinAddress
#     to set the Java Heap base and to place the Java Heap above 4GB virtual address.
# This output file may be truncated or incomplete.
#
#  Out of Memory Error (arena.cpp:168), pid=37004, tid=37824
#
# JRE version: OpenJDK Runtime Environment (21.0.6) (build 21.0.6+-13391695-b895.109)
# Java VM: OpenJDK 64-Bit Server VM (21.0.6+-13391695-b895.109, mixed mode, tiered, compressed oops, compressed class ptrs, g1 gc, windows-amd64)
# No core dump will be written. Minidumps are not enabled by default on client versions of Windows
#

---------------  S U M M A R Y ------------

Command Line: --add-opens=java.base/java.lang=ALL-UNNAMED --add-opens=java.base/java.lang.invoke=ALL-UNNAMED --add-opens=java.base/java.util=ALL-UNNAMED --add-opens=java.prefs/java.util.prefs=ALL-UNNAMED --add-exports=jdk.compiler/com.sun.tools.javac.api=ALL-UNNAMED --add-exports=jdk.compiler/com.sun.tools.javac.util=ALL-UNNAMED --add-opens=java.base/java.util=ALL-UNNAMED --add-opens=java.prefs/java.util.prefs=ALL-UNNAMED --add-opens=java.base/java.nio.charset=ALL-UNNAMED --add-opens=java.base/java.net=ALL-UNNAMED --add-opens=java.base/java.util.concurrent.atomic=ALL-UNNAMED --add-opens=java.xml/javax.xml.namespace=ALL-UNNAMED -Xmx2048m -Dfile.encoding=UTF-8 -Duser.country=US -Duser.language=en -Duser.variant -javaagent:C:\Users\Ntale\.gradle\wrapper\dists\gradle-8.13-bin\5xuhj0ry160q40clulazy9h7d\gradle-8.13\lib\agents\gradle-instrumentation-agent-8.13.jar org.gradle.launcher.daemon.bootstrap.GradleDaemon 8.13

Host: 13th Gen Intel(R) Core(TM) i7-1355U, 12 cores, 31G,  Windows 11 , 64 bit Build 22621 (10.0.22621.5415)
Time: Thu Aug  7 12:14:40 2025 South Africa Standard Time elapsed time: 10.731409 seconds (0d 0h 0m 10s)

---------------  T H R E A D  ---------------

Current thread (0x0000015956376390):  JavaThread "C2 CompilerThread2" daemon [_thread_in_native, id=37824, stack(0x00000039ac200000,0x00000039ac300000) (1024K)]


Current CompileTask:
C2:10731 4064       4       jdk.internal.org.objectweb.asm.Frame::setInputFrameFromDescriptor (175 bytes)

Stack: [0x00000039ac200000,0x00000039ac300000]
Native frames: (J=compiled Java code, j=interpreted, Vv=VM code, C=native code)
V  [jvm.dll+0x6d0639]
V  [jvm.dll+0x85eb03]
V  [jvm.dll+0x86105e]
V  [jvm.dll+0x861743]
V  [jvm.dll+0x27e6e6]
V  [jvm.dll+0xbff6d]
V  [jvm.dll+0xc04a3]
V  [jvm.dll+0x3b61ab]
V  [jvm.dll+0x1de872]
V  [jvm.dll+0x247dd4]
V  [jvm.dll+0x247251]
V  [jvm.dll+0x1c5f04]
V  [jvm.dll+0x2569ac]
V  [jvm.dll+0x254ef6]
V  [jvm.dll+0x3f0e96]
V  [jvm.dll+0x806ed8]
V  [jvm.dll+0x6cef0d]
C  [ucrtbase.dll+0x29333]
C  [KERNEL32.DLL+0x1259d]
C  [ntdll.dll+0x5af78]


---------------  P R O C E S S  ---------------

Threads class SMR info:
_java_thread_list=0x000001595351d8e0, length=30, elements={
0x0000015936b49780, 0x000001594e8740c0, 0x000001594e874ed0, 0x000001594e8833a0,
0x000001594e878e30, 0x000001594e894f80, 0x000001594e897af0, 0x000001594e8a9e40,
0x000001594e8aa8d0, 0x000001594e896740, 0x000001594e898810, 0x000001594e898180,
0x000001594e896dd0, 0x000001594e898ea0, 0x000001594e895a20, 0x000001594e8960b0,
0x0000015954c08d90, 0x0000015954c079e0, 0x0000015954c08700, 0x0000015954c05280,
0x0000015954c08070, 0x0000015954c09420, 0x0000015954c03ed0, 0x0000015954c07350,
0x0000015954c05fa0, 0x0000015954c031b0, 0x0000015954c04560, 0x0000015954c05910,
0x0000015956377130, 0x0000015956376390
}

Java Threads: ( => current thread )
  0x0000015936b49780 JavaThread "main"                              [_thread_blocked, id=29480, stack(0x00000039a9300000,0x00000039a9400000) (1024K)]
  0x000001594e8740c0 JavaThread "Reference Handler"          daemon [_thread_blocked, id=1780, stack(0x00000039a9b00000,0x00000039a9c00000) (1024K)]
  0x000001594e874ed0 JavaThread "Finalizer"                  daemon [_thread_blocked, id=11880, stack(0x00000039a9c00000,0x00000039a9d00000) (1024K)]
  0x000001594e8833a0 JavaThread "Signal Dispatcher"          daemon [_thread_blocked, id=10700, stack(0x00000039a9d00000,0x00000039a9e00000) (1024K)]
  0x000001594e878e30 JavaThread "Attach Listener"            daemon [_thread_blocked, id=35244, stack(0x00000039a9e00000,0x00000039a9f00000) (1024K)]
  0x000001594e894f80 JavaThread "Service Thread"             daemon [_thread_blocked, id=39736, stack(0x00000039a9f00000,0x00000039aa000000) (1024K)]
  0x000001594e897af0 JavaThread "Monitor Deflation Thread"   daemon [_thread_blocked, id=37768, stack(0x00000039aa000000,0x00000039aa100000) (1024K)]
  0x000001594e8a9e40 JavaThread "C2 CompilerThread0"         daemon [_thread_blocked, id=33988, stack(0x00000039aa100000,0x00000039aa200000) (1024K)]
  0x000001594e8aa8d0 JavaThread "C1 CompilerThread0"         daemon [_thread_blocked, id=19612, stack(0x00000039aa200000,0x00000039aa300000) (1024K)]
  0x000001594e896740 JavaThread "Common-Cleaner"             daemon [_thread_blocked, id=37980, stack(0x00000039aa300000,0x00000039aa400000) (1024K)]
  0x000001594e898810 JavaThread "Notification Thread"        daemon [_thread_blocked, id=21120, stack(0x00000039aa400000,0x00000039aa500000) (1024K)]
  0x000001594e898180 JavaThread "Daemon health stats"               [_thread_blocked, id=36240, stack(0x00000039aa600000,0x00000039aa700000) (1024K)]
  0x000001594e896dd0 JavaThread "Incoming local TCP Connector on port 59502"        [_thread_in_native, id=28044, stack(0x00000039ab000000,0x00000039ab100000) (1024K)]
  0x000001594e898ea0 JavaThread "Daemon periodic checks"            [_thread_blocked, id=38960, stack(0x00000039ab100000,0x00000039ab200000) (1024K)]
  0x000001594e895a20 JavaThread "Daemon"                            [_thread_blocked, id=10944, stack(0x00000039ab200000,0x00000039ab300000) (1024K)]
  0x000001594e8960b0 JavaThread "Handler for socket connection from /127.0.0.1:59502 to /127.0.0.1:59503"        [_thread_in_native, id=34904, stack(0x00000039ab300000,0x00000039ab400000) (1024K)]
  0x0000015954c08d90 JavaThread "Cancel handler"                    [_thread_blocked, id=25260, stack(0x00000039ab400000,0x00000039ab500000) (1024K)]
  0x0000015954c079e0 JavaThread "Daemon worker"                     [_thread_in_vm, id=23956, stack(0x00000039ab500000,0x00000039ab600000) (1024K)]
  0x0000015954c08700 JavaThread "Asynchronous log dispatcher for DefaultDaemonConnection: socket connection from /127.0.0.1:59502 to /127.0.0.1:59503"        [_thread_blocked, id=6588, stack(0x00000039aa500000,0x00000039aa600000) (1024K)]
  0x0000015954c05280 JavaThread "Stdin handler"                     [_thread_blocked, id=35396, stack(0x00000039ab600000,0x00000039ab700000) (1024K)]
  0x0000015954c08070 JavaThread "Daemon client event forwarder"        [_thread_blocked, id=39584, stack(0x00000039ab700000,0x00000039ab800000) (1024K)]
  0x0000015954c09420 JavaThread "Cache worker for journal cache (C:\Users\Ntale\.gradle\caches\journal-1)"        [_thread_blocked, id=10868, stack(0x00000039aba00000,0x00000039abb00000) (1024K)]
  0x0000015954c03ed0 JavaThread "File lock request listener"        [_thread_in_native, id=17664, stack(0x00000039abb00000,0x00000039abc00000) (1024K)]
  0x0000015954c07350 JavaThread "Cache worker for file hash cache (C:\Users\Ntale\.gradle\caches\8.13\fileHashes)"        [_thread_blocked, id=84, stack(0x00000039abc00000,0x00000039abd00000) (1024K)]
  0x0000015954c05fa0 JavaThread "Cache worker for file hash cache (D:\CMU\Internship\shield_kids_parents\.gradle\8.13\fileHashes)"        [_thread_blocked, id=22764, stack(0x00000039abe00000,0x00000039abf00000) (1024K)]
  0x0000015954c031b0 JavaThread "Cache worker for Build Output Cleanup Cache (D:\CMU\Internship\shield_kids_parents\.gradle\buildOutputCleanup)"        [_thread_blocked, id=3792, stack(0x00000039abf00000,0x00000039ac000000) (1024K)]
  0x0000015954c04560 JavaThread "File watcher server"        daemon [_thread_in_native, id=22968, stack(0x00000039ac000000,0x00000039ac100000) (1024K)]
  0x0000015954c05910 JavaThread "File watcher consumer"      daemon [_thread_blocked, id=18496, stack(0x00000039ac100000,0x00000039ac200000) (1024K)]
  0x0000015956377130 JavaThread "C2 CompilerThread1"         daemon [_thread_in_native, id=39532, stack(0x00000039abd00000,0x00000039abe00000) (1024K)]
=>0x0000015956376390 JavaThread "C2 CompilerThread2"         daemon [_thread_in_native, id=37824, stack(0x00000039ac200000,0x00000039ac300000) (1024K)]
Total: 30

Other Threads:
  0x000001594e828b30 VMThread "VM Thread"                           [id=39732, stack(0x00000039a9a00000,0x00000039a9b00000) (1024K)]
  0x000001594e7bafa0 WatcherThread "VM Periodic Task Thread"        [id=34388, stack(0x00000039a9900000,0x00000039a9a00000) (1024K)]
  0x0000015936ba1760 WorkerThread "GC Thread#0"                     [id=39564, stack(0x00000039a9400000,0x00000039a9500000) (1024K)]
  0x00000159537e6460 WorkerThread "GC Thread#1"                     [id=39688, stack(0x00000039aa700000,0x00000039aa800000) (1024K)]
  0x000001595335dc60 WorkerThread "GC Thread#2"                     [id=21464, stack(0x00000039aa800000,0x00000039aa900000) (1024K)]
  0x00000159533f3c60 WorkerThread "GC Thread#3"                     [id=6200, stack(0x00000039aa900000,0x00000039aaa00000) (1024K)]
  0x00000159533f4000 WorkerThread "GC Thread#4"                     [id=33932, stack(0x00000039aaa00000,0x00000039aab00000) (1024K)]
  0x0000015953231290 WorkerThread "GC Thread#5"                     [id=35092, stack(0x00000039aab00000,0x00000039aac00000) (1024K)]
  0x0000015953231630 WorkerThread "GC Thread#6"                     [id=30160, stack(0x00000039aac00000,0x00000039aad00000) (1024K)]
  0x000001595369a550 WorkerThread "GC Thread#7"                     [id=26124, stack(0x00000039aad00000,0x00000039aae00000) (1024K)]
  0x000001595369a8f0 WorkerThread "GC Thread#8"                     [id=7024, stack(0x00000039aae00000,0x00000039aaf00000) (1024K)]
  0x0000015953474560 WorkerThread "GC Thread#9"                     [id=19608, stack(0x00000039aaf00000,0x00000039ab000000) (1024K)]
  0x0000015936bb30c0 ConcurrentGCThread "G1 Main Marker"            [id=10136, stack(0x00000039a9500000,0x00000039a9600000) (1024K)]
  0x0000015936bb6370 WorkerThread "G1 Conc#0"                       [id=33352, stack(0x00000039a9600000,0x00000039a9700000) (1024K)]
  0x0000015953a16680 WorkerThread "G1 Conc#1"                       [id=1468, stack(0x00000039ab800000,0x00000039ab900000) (1024K)]
  0x0000015953a178a0 WorkerThread "G1 Conc#2"                       [id=26716, stack(0x00000039ab900000,0x00000039aba00000) (1024K)]
  0x0000015936c0e860 ConcurrentGCThread "G1 Refine#0"               [id=31244, stack(0x00000039a9700000,0x00000039a9800000) (1024K)]
  0x000001594e6595a0 ConcurrentGCThread "G1 Service"                [id=22580, stack(0x00000039a9800000,0x00000039a9900000) (1024K)]
Total: 18

Threads with active compile tasks:
C2 CompilerThread1  10778 4065       4       jdk.internal.org.objectweb.asm.SymbolTable::addTypeInternal (85 bytes)
C2 CompilerThread2  10778 4064       4       jdk.internal.org.objectweb.asm.Frame::setInputFrameFromDescriptor (175 bytes)
Total: 2

VM state: not at safepoint (normal execution)

VM Mutex/Monitor currently owned by a thread: None

Heap address: 0x0000000080000000, size: 2048 MB, Compressed Oops mode: 32-bit

CDS archive(s) not mapped
Compressed class space mapped at: 0x0000000100000000-0x0000000140000000, reserved size: 1073741824
Narrow klass base: 0x0000000000000000, Narrow klass shift: 3, Narrow klass range: 0x140000000

GC Precious Log:
 CardTable entry size: 512
 Card Set container configuration: InlinePtr #cards 5 size 8 Array Of Cards #cards 12 size 40 Howl #buckets 4 coarsen threshold 1843 Howl Bitmap #cards 512 size 80 coarsen threshold 460 Card regions per heap region 1 cards per card region 2048
 CPUs: 12 total, 12 available
 Memory: 32400M
 Large Page Support: Disabled
 NUMA Support: Disabled
 Compressed Oops: Enabled (32-bit)
 Heap Region Size: 1M
 Heap Min Capacity: 8M
 Heap Initial Capacity: 508M
 Heap Max Capacity: 2G
 Pre-touch: Disabled
 Parallel Workers: 10
 Concurrent Workers: 3
 Concurrent Refinement Workers: 10
 Periodic GC: Disabled

Heap:
 garbage-first heap   total 79872K, used 49624K [0x0000000080000000, 0x0000000100000000)
  region size 1024K, 25 young (25600K), 6 survivors (6144K)
 Metaspace       used 44437K, committed 45440K, reserved 1114112K
  class space    used 5710K, committed 6208K, reserved 1048576K

Heap Regions: E=young(eden), S=young(survivor), O=old, HS=humongous(starts), HC=humongous(continues), CS=collection set, F=free, TAMS=top-at-mark-start, PB=parsable bottom
|   0|0x0000000080000000, 0x0000000080100000, 0x0000000080100000|100%|HS|  |TAMS 0x0000000080000000| PB 0x0000000080000000| Complete 
|   1|0x0000000080100000, 0x0000000080200000, 0x0000000080200000|100%|HC|  |TAMS 0x0000000080100000| PB 0x0000000080100000| Complete 
|   2|0x0000000080200000, 0x0000000080300000, 0x0000000080300000|100%|HC|  |TAMS 0x0000000080200000| PB 0x0000000080200000| Complete 
|   3|0x0000000080300000, 0x0000000080400000, 0x0000000080400000|100%| O|  |TAMS 0x0000000080300000| PB 0x0000000080300000| Untracked 
|   4|0x0000000080400000, 0x0000000080500000, 0x0000000080500000|100%| O|  |TAMS 0x0000000080400000| PB 0x0000000080400000| Untracked 
|   5|0x0000000080500000, 0x0000000080600000, 0x0000000080600000|100%| O|  |TAMS 0x0000000080500000| PB 0x0000000080500000| Untracked 
|   6|0x0000000080600000, 0x0000000080700000, 0x0000000080700000|100%|HS|  |TAMS 0x0000000080600000| PB 0x0000000080600000| Complete 
|   7|0x0000000080700000, 0x0000000080800000, 0x0000000080800000|100%| O|  |TAMS 0x0000000080700000| PB 0x0000000080700000| Untracked 
|   8|0x0000000080800000, 0x0000000080900000, 0x0000000080900000|100%| O|  |TAMS 0x0000000080800000| PB 0x0000000080800000| Untracked 
|   9|0x0000000080900000, 0x0000000080a00000, 0x0000000080a00000|100%| O|  |TAMS 0x0000000080900000| PB 0x0000000080900000| Untracked 
|  10|0x0000000080a00000, 0x0000000080b00000, 0x0000000080b00000|100%| O|  |TAMS 0x0000000080a00000| PB 0x0000000080a00000| Untracked 
|  11|0x0000000080b00000, 0x0000000080c00000, 0x0000000080c00000|100%| O|  |TAMS 0x0000000080b00000| PB 0x0000000080b00000| Untracked 
|  12|0x0000000080c00000, 0x0000000080d00000, 0x0000000080d00000|100%| O|  |TAMS 0x0000000080c00000| PB 0x0000000080c00000| Untracked 
|  13|0x0000000080d00000, 0x0000000080e00000, 0x0000000080e00000|100%| O|  |TAMS 0x0000000080d00000| PB 0x0000000080d00000| Untracked 
|  14|0x0000000080e00000, 0x0000000080f00000, 0x0000000080f00000|100%| O|  |TAMS 0x0000000080e00000| PB 0x0000000080e00000| Untracked 
|  15|0x0000000080f00000, 0x0000000081000000, 0x0000000081000000|100%| O|  |TAMS 0x0000000080f00000| PB 0x0000000080f00000| Untracked 
|  16|0x0000000081000000, 0x0000000081100000, 0x0000000081100000|100%| O|  |TAMS 0x0000000081000000| PB 0x0000000081000000| Untracked 
|  17|0x0000000081100000, 0x0000000081200000, 0x0000000081200000|100%| O|  |TAMS 0x0000000081100000| PB 0x0000000081100000| Untracked 
|  18|0x0000000081200000, 0x0000000081300000, 0x0000000081300000|100%| O|  |TAMS 0x0000000081200000| PB 0x0000000081200000| Untracked 
|  19|0x0000000081300000, 0x0000000081400000, 0x0000000081400000|100%| O|Cm|TAMS 0x0000000081300000| PB 0x0000000081300000| Complete 
|  20|0x0000000081400000, 0x0000000081500000, 0x0000000081500000|100%| O|  |TAMS 0x0000000081400000| PB 0x0000000081400000| Untracked 
|  21|0x0000000081500000, 0x0000000081600000, 0x0000000081600000|100%| O|  |TAMS 0x0000000081500000| PB 0x0000000081500000| Untracked 
|  22|0x0000000081600000, 0x0000000081700000, 0x0000000081700000|100%| O|  |TAMS 0x0000000081600000| PB 0x0000000081600000| Untracked 
|  23|0x0000000081700000, 0x0000000081776190, 0x0000000081800000| 46%| O|  |TAMS 0x0000000081700000| PB 0x0000000081700000| Untracked 
|  24|0x0000000081800000, 0x0000000081900000, 0x0000000081900000|100%|HS|  |TAMS 0x0000000081800000| PB 0x0000000081800000| Complete 
|  25|0x0000000081900000, 0x0000000081a00000, 0x0000000081a00000|100%|HS|  |TAMS 0x0000000081900000| PB 0x0000000081900000| Complete 
|  26|0x0000000081a00000, 0x0000000081a00000, 0x0000000081b00000|  0%| F|  |TAMS 0x0000000081a00000| PB 0x0000000081a00000| Untracked 
|  27|0x0000000081b00000, 0x0000000081c00000, 0x0000000081c00000|100%| S|CS|TAMS 0x0000000081b00000| PB 0x0000000081b00000| Complete 
|  28|0x0000000081c00000, 0x0000000081d00000, 0x0000000081d00000|100%| S|CS|TAMS 0x0000000081c00000| PB 0x0000000081c00000| Complete 
|  29|0x0000000081d00000, 0x0000000081e00000, 0x0000000081e00000|100%| S|CS|TAMS 0x0000000081d00000| PB 0x0000000081d00000| Complete 
|  30|0x0000000081e00000, 0x0000000081f00000, 0x0000000081f00000|100%| S|CS|TAMS 0x0000000081e00000| PB 0x0000000081e00000| Complete 
|  31|0x0000000081f00000, 0x0000000082000000, 0x0000000082000000|100%| S|CS|TAMS 0x0000000081f00000| PB 0x0000000081f00000| Complete 
|  32|0x0000000082000000, 0x0000000082100000, 0x0000000082100000|100%| S|CS|TAMS 0x0000000082000000| PB 0x0000000082000000| Complete 
|  33|0x0000000082100000, 0x0000000082100000, 0x0000000082200000|  0%| F|  |TAMS 0x0000000082100000| PB 0x0000000082100000| Untracked 
|  34|0x0000000082200000, 0x0000000082200000, 0x0000000082300000|  0%| F|  |TAMS 0x0000000082200000| PB 0x0000000082200000| Untracked 
|  35|0x0000000082300000, 0x0000000082300000, 0x0000000082400000|  0%| F|  |TAMS 0x0000000082300000| PB 0x0000000082300000| Untracked 
|  36|0x0000000082400000, 0x0000000082400000, 0x0000000082500000|  0%| F|  |TAMS 0x0000000082400000| PB 0x0000000082400000| Untracked 
|  37|0x0000000082500000, 0x0000000082500000, 0x0000000082600000|  0%| F|  |TAMS 0x0000000082500000| PB 0x0000000082500000| Untracked 
|  38|0x0000000082600000, 0x0000000082600000, 0x0000000082700000|  0%| F|  |TAMS 0x0000000082600000| PB 0x0000000082600000| Untracked 
|  39|0x0000000082700000, 0x0000000082700000, 0x0000000082800000|  0%| F|  |TAMS 0x0000000082700000| PB 0x0000000082700000| Untracked 
|  40|0x0000000082800000, 0x0000000082800000, 0x0000000082900000|  0%| F|  |TAMS 0x0000000082800000| PB 0x0000000082800000| Untracked 
|  41|0x0000000082900000, 0x0000000082900000, 0x0000000082a00000|  0%| F|  |TAMS 0x0000000082900000| PB 0x0000000082900000| Untracked 
|  42|0x0000000082a00000, 0x0000000082a00000, 0x0000000082b00000|  0%| F|  |TAMS 0x0000000082a00000| PB 0x0000000082a00000| Untracked 
|  43|0x0000000082b00000, 0x0000000082b00000, 0x0000000082c00000|  0%| F|  |TAMS 0x0000000082b00000| PB 0x0000000082b00000| Untracked 
|  44|0x0000000082c00000, 0x0000000082c00000, 0x0000000082d00000|  0%| F|  |TAMS 0x0000000082c00000| PB 0x0000000082c00000| Untracked 
|  45|0x0000000082d00000, 0x0000000082d00000, 0x0000000082e00000|  0%| F|  |TAMS 0x0000000082d00000| PB 0x0000000082d00000| Untracked 
|  46|0x0000000082e00000, 0x0000000082e00000, 0x0000000082f00000|  0%| F|  |TAMS 0x0000000082e00000| PB 0x0000000082e00000| Untracked 
|  47|0x0000000082f00000, 0x0000000082f00000, 0x0000000083000000|  0%| F|  |TAMS 0x0000000082f00000| PB 0x0000000082f00000| Untracked 
|  48|0x0000000083000000, 0x0000000083000000, 0x0000000083100000|  0%| F|  |TAMS 0x0000000083000000| PB 0x0000000083000000| Untracked 
|  49|0x0000000083100000, 0x0000000083100000, 0x0000000083200000|  0%| F|  |TAMS 0x0000000083100000| PB 0x0000000083100000| Untracked 
|  50|0x0000000083200000, 0x0000000083200000, 0x0000000083300000|  0%| F|  |TAMS 0x0000000083200000| PB 0x0000000083200000| Untracked 
|  51|0x0000000083300000, 0x0000000083300000, 0x0000000083400000|  0%| F|  |TAMS 0x0000000083300000| PB 0x0000000083300000| Untracked 
|  52|0x0000000083400000, 0x0000000083400000, 0x0000000083500000|  0%| F|  |TAMS 0x0000000083400000| PB 0x0000000083400000| Untracked 
|  53|0x0000000083500000, 0x0000000083500000, 0x0000000083600000|  0%| F|  |TAMS 0x0000000083500000| PB 0x0000000083500000| Untracked 
|  54|0x0000000083600000, 0x0000000083600000, 0x0000000083700000|  0%| F|  |TAMS 0x0000000083600000| PB 0x0000000083600000| Untracked 
|  55|0x0000000083700000, 0x0000000083700000, 0x0000000083800000|  0%| F|  |TAMS 0x0000000083700000| PB 0x0000000083700000| Untracked 
|  56|0x0000000083800000, 0x0000000083800000, 0x0000000083900000|  0%| F|  |TAMS 0x0000000083800000| PB 0x0000000083800000| Untracked 
|  57|0x0000000083900000, 0x0000000083900000, 0x0000000083a00000|  0%| F|  |TAMS 0x0000000083900000| PB 0x0000000083900000| Untracked 
|  58|0x0000000083a00000, 0x0000000083a80000, 0x0000000083b00000| 50%| E|  |TAMS 0x0000000083a00000| PB 0x0000000083a00000| Complete 
|  59|0x0000000083b00000, 0x0000000083c00000, 0x0000000083c00000|100%| E|CS|TAMS 0x0000000083b00000| PB 0x0000000083b00000| Complete 
|  60|0x0000000083c00000, 0x0000000083d00000, 0x0000000083d00000|100%| E|  |TAMS 0x0000000083c00000| PB 0x0000000083c00000| Complete 
|  61|0x0000000083d00000, 0x0000000083e00000, 0x0000000083e00000|100%| E|CS|TAMS 0x0000000083d00000| PB 0x0000000083d00000| Complete 
|  62|0x0000000083e00000, 0x0000000083f00000, 0x0000000083f00000|100%| E|CS|TAMS 0x0000000083e00000| PB 0x0000000083e00000| Complete 
|  63|0x0000000083f00000, 0x0000000084000000, 0x0000000084000000|100%| E|CS|TAMS 0x0000000083f00000| PB 0x0000000083f00000| Complete 
|  64|0x0000000084000000, 0x0000000084100000, 0x0000000084100000|100%| E|CS|TAMS 0x0000000084000000| PB 0x0000000084000000| Complete 
|  65|0x0000000084100000, 0x0000000084200000, 0x0000000084200000|100%| E|CS|TAMS 0x0000000084100000| PB 0x0000000084100000| Complete 
|  66|0x0000000084200000, 0x0000000084300000, 0x0000000084300000|100%| E|CS|TAMS 0x0000000084200000| PB 0x0000000084200000| Complete 
|  67|0x0000000084300000, 0x0000000084400000, 0x0000000084400000|100%| E|CS|TAMS 0x0000000084300000| PB 0x0000000084300000| Complete 
| 467|0x000000009d300000, 0x000000009d400000, 0x000000009d400000|100%| E|CS|TAMS 0x000000009d300000| PB 0x000000009d300000| Complete 
| 468|0x000000009d400000, 0x000000009d500000, 0x000000009d500000|100%| E|CS|TAMS 0x000000009d400000| PB 0x000000009d400000| Complete 
| 469|0x000000009d500000, 0x000000009d600000, 0x000000009d600000|100%| E|CS|TAMS 0x000000009d500000| PB 0x000000009d500000| Complete 
| 470|0x000000009d600000, 0x000000009d700000, 0x000000009d700000|100%| E|CS|TAMS 0x000000009d600000| PB 0x000000009d600000| Complete 
| 471|0x000000009d700000, 0x000000009d800000, 0x000000009d800000|100%| E|CS|TAMS 0x000000009d700000| PB 0x000000009d700000| Complete 
| 472|0x000000009d800000, 0x000000009d900000, 0x000000009d900000|100%| E|CS|TAMS 0x000000009d800000| PB 0x000000009d800000| Complete 
| 473|0x000000009d900000, 0x000000009da00000, 0x000000009da00000|100%| E|CS|TAMS 0x000000009d900000| PB 0x000000009d900000| Complete 
| 474|0x000000009da00000, 0x000000009db00000, 0x000000009db00000|100%| E|CS|TAMS 0x000000009da00000| PB 0x000000009da00000| Complete 
| 506|0x000000009fa00000, 0x000000009fb00000, 0x000000009fb00000|100%| E|CS|TAMS 0x000000009fa00000| PB 0x000000009fa00000| Complete 
| 507|0x000000009fb00000, 0x000000009fc00000, 0x000000009fc00000|100%| E|CS|TAMS 0x000000009fb00000| PB 0x000000009fb00000| Complete 

Card table byte_map: [0x0000015949600000,0x0000015949a00000] _byte_map_base: 0x0000015949200000

Marking Bits: (CMBitMap*) 0x0000015936ba1e60
 Bits: [0x0000015949a00000, 0x000001594ba00000)

Polling page: 0x00000159349c0000

Metaspace:

Usage:
  Non-class:     37.84 MB used.
      Class:      5.58 MB used.
       Both:     43.41 MB used.

Virtual space:
  Non-class space:       64.00 MB reserved,      38.31 MB ( 60%) committed,  1 nodes.
      Class space:        1.00 GB reserved,       6.06 MB ( <1%) committed,  1 nodes.
             Both:        1.06 GB reserved,      44.38 MB (  4%) committed. 

Chunk freelists:
   Non-Class:  8.81 MB
       Class:  9.88 MB
        Both:  18.69 MB

MaxMetaspaceSize: unlimited
CompressedClassSpaceSize: 1.00 GB
Initial GC threshold: 21.00 MB
Current GC threshold: 58.88 MB
CDS: off
 - commit_granule_bytes: 65536.
 - commit_granule_words: 8192.
 - virtual_space_node_default_size: 8388608.
 - enlarge_chunks_in_place: 1.
 - use_allocation_guard: 0.


Internal statistics:

num_allocs_failed_limit: 6.
num_arena_births: 1636.
num_arena_deaths: 0.
num_vsnodes_births: 2.
num_vsnodes_deaths: 0.
num_space_committed: 710.
num_space_uncommitted: 0.
num_chunks_returned_to_freelist: 6.
num_chunks_taken_from_freelist: 3147.
num_chunk_merges: 6.
num_chunk_splits: 2017.
num_chunks_enlarged: 1258.
num_inconsistent_stats: 0.

CodeHeap 'non-profiled nmethods': size=120000Kb used=2014Kb max_used=2014Kb free=117985Kb
 bounds [0x0000015941770000, 0x00000159419e0000, 0x0000015948ca0000]
CodeHeap 'profiled nmethods': size=120000Kb used=7015Kb max_used=7015Kb free=112984Kb
 bounds [0x0000015939ca0000, 0x000001593a380000, 0x00000159411d0000]
CodeHeap 'non-nmethods': size=5760Kb used=1901Kb max_used=1975Kb free=3858Kb
 bounds [0x00000159411d0000, 0x0000015941440000, 0x0000015941770000]
 total_blobs=4340 nmethods=3646 adapters=598
 compilation: enabled
              stopped_count=0, restarted_count=0
 full_count=0

Compilation events (20 events):
Event: 10.545 Thread 0x0000015956376390 nmethod 4053 0x000001594194a810 code [0x000001594194aa00, 0x000001594194afd0]
Event: 10.546 Thread 0x0000015956376390 4054 %     4       jdk.internal.loader.URLClassPath::getResource @ 39 (74 bytes)
Event: 10.557 Thread 0x0000015956376390 nmethod 4054% 0x000001594194b490 code [0x000001594194b6a0, 0x000001594194bb90]
Event: 10.560 Thread 0x0000015956376390 4056       4       sun.invoke.util.VerifyAccess::isTypeVisible (118 bytes)
Event: 10.572 Thread 0x0000015956376390 nmethod 4056 0x000001594194c090 code [0x000001594194c280, 0x000001594194c608]
Event: 10.579 Thread 0x000001594e8aa8d0 4057       3       com.google.common.collect.ImmutableSet$RegularSetBuilderImpl::ensureTableCapacity (89 bytes)
Event: 10.581 Thread 0x000001594e8aa8d0 nmethod 4057 0x000001593a36f610 code [0x000001593a36f820, 0x000001593a36fcd8]
Event: 10.586 Thread 0x000001594e8aa8d0 4058       3       com.google.common.collect.ImmutableSet$RegularSetBuilderImpl::insertInHashTable (125 bytes)
Event: 10.587 Thread 0x000001594e8aa8d0 nmethod 4058 0x000001593a36fe90 code [0x000001593a370100, 0x000001593a370ab8]
Event: 10.591 Thread 0x000001594e8aa8d0 4059       3       java.lang.invoke.MethodHandle::isSafeToCache (14 bytes)
Event: 10.592 Thread 0x000001594e8aa8d0 nmethod 4059 0x000001593a370e90 code [0x000001593a371040, 0x000001593a3711b8]
Event: 10.606 Thread 0x000001594e8aa8d0 4060       3       com.google.common.collect.ImmutableList::builder (8 bytes)
Event: 10.606 Thread 0x000001594e8aa8d0 nmethod 4060 0x000001593a371290 code [0x000001593a371460, 0x000001593a371808]
Event: 10.606 Thread 0x000001594e8aa8d0 4061       3       com.google.common.collect.ImmutableList$Builder::<init> (6 bytes)
Event: 10.607 Thread 0x000001594e8aa8d0 nmethod 4061 0x000001593a371990 code [0x000001593a371b40, 0x000001593a371e58]
Event: 10.619 Thread 0x0000015956376390 4062       4       java.lang.invoke.MethodType::toMethodDescriptorString (28 bytes)
Event: 10.621 Thread 0x000001594e8aa8d0 4063       3       java.lang.invoke.MethodHandle::setAsTypeCache (33 bytes)
Event: 10.622 Thread 0x000001594e8aa8d0 nmethod 4063 0x000001593a371f90 code [0x000001593a3721a0, 0x000001593a3727a0]
Event: 10.623 Thread 0x0000015956376390 nmethod 4062 0x000001594194ca90 code [0x000001594194cc20, 0x000001594194cdd0]
Event: 10.624 Thread 0x0000015956376390 4064       4       jdk.internal.org.objectweb.asm.Frame::setInputFrameFromDescriptor (175 bytes)

GC Heap History (16 events):
Event: 1.476 GC heap before
{Heap before GC invocations=0 (full 0):
 garbage-first heap   total 520192K, used 25600K [0x0000000080000000, 0x0000000100000000)
  region size 1024K, 25 young (25600K), 0 survivors (0K)
 Metaspace       used 7984K, committed 8128K, reserved 1114112K
  class space    used 709K, committed 768K, reserved 1048576K
}
Event: 1.498 GC heap after
{Heap after GC invocations=1 (full 0):
 garbage-first heap   total 520192K, used 3680K [0x0000000080000000, 0x0000000100000000)
  region size 1024K, 4 young (4096K), 4 survivors (4096K)
 Metaspace       used 7984K, committed 8128K, reserved 1114112K
  class space    used 709K, committed 768K, reserved 1048576K
}
Event: 3.078 GC heap before
{Heap before GC invocations=1 (full 0):
 garbage-first heap   total 520192K, used 39520K [0x0000000080000000, 0x0000000100000000)
  region size 1024K, 37 young (37888K), 4 survivors (4096K)
 Metaspace       used 12196K, committed 12352K, reserved 1114112K
  class space    used 1284K, committed 1344K, reserved 1048576K
}
Event: 3.104 GC heap after
{Heap after GC invocations=2 (full 0):
 garbage-first heap   total 520192K, used 10728K [0x0000000080000000, 0x0000000100000000)
  region size 1024K, 5 young (5120K), 5 survivors (5120K)
 Metaspace       used 12196K, committed 12352K, reserved 1114112K
  class space    used 1284K, committed 1344K, reserved 1048576K
}
Event: 3.661 GC heap before
{Heap before GC invocations=2 (full 0):
 garbage-first heap   total 520192K, used 53736K [0x0000000080000000, 0x0000000100000000)
  region size 1024K, 45 young (46080K), 5 survivors (5120K)
 Metaspace       used 12455K, committed 12672K, reserved 1114112K
  class space    used 1317K, committed 1408K, reserved 1048576K
}
Event: 3.670 GC heap after
{Heap after GC invocations=3 (full 0):
 garbage-first heap   total 520192K, used 16297K [0x0000000080000000, 0x0000000100000000)
  region size 1024K, 5 young (5120K), 5 survivors (5120K)
 Metaspace       used 12455K, committed 12672K, reserved 1114112K
  class space    used 1317K, committed 1408K, reserved 1048576K
}
Event: 5.024 GC heap before
{Heap before GC invocations=3 (full 0):
 garbage-first heap   total 520192K, used 49065K [0x0000000080000000, 0x0000000100000000)
  region size 1024K, 38 young (38912K), 5 survivors (5120K)
 Metaspace       used 21175K, committed 21504K, reserved 1114112K
  class space    used 2449K, committed 2624K, reserved 1048576K
}
Event: 5.030 GC heap after
{Heap after GC invocations=4 (full 0):
 garbage-first heap   total 520192K, used 20013K [0x0000000080000000, 0x0000000100000000)
  region size 1024K, 8 young (8192K), 8 survivors (8192K)
 Metaspace       used 21175K, committed 21504K, reserved 1114112K
  class space    used 2449K, committed 2624K, reserved 1048576K
}
Event: 7.422 GC heap before
{Heap before GC invocations=5 (full 0):
 garbage-first heap   total 68608K, used 67117K [0x0000000080000000, 0x0000000100000000)
  region size 1024K, 55 young (56320K), 8 survivors (8192K)
 Metaspace       used 28708K, committed 29248K, reserved 1114112K
  class space    used 3621K, committed 3840K, reserved 1048576K
}
Event: 7.433 GC heap after
{Heap after GC invocations=6 (full 0):
 garbage-first heap   total 79872K, used 22799K [0x0000000080000000, 0x0000000100000000)
  region size 1024K, 11 young (11264K), 11 survivors (11264K)
 Metaspace       used 28708K, committed 29248K, reserved 1114112K
  class space    used 3621K, committed 3840K, reserved 1048576K
}
Event: 8.617 GC heap before
{Heap before GC invocations=6 (full 0):
 garbage-first heap   total 79872K, used 57615K [0x0000000080000000, 0x0000000100000000)
  region size 1024K, 46 young (47104K), 11 survivors (11264K)
 Metaspace       used 33183K, committed 34048K, reserved 1114112K
  class space    used 4386K, committed 4800K, reserved 1048576K
}
Event: 8.626 GC heap after
{Heap after GC invocations=7 (full 0):
 garbage-first heap   total 79872K, used 24946K [0x0000000080000000, 0x0000000100000000)
  region size 1024K, 6 young (6144K), 6 survivors (6144K)
 Metaspace       used 33183K, committed 34048K, reserved 1114112K
  class space    used 4386K, committed 4800K, reserved 1048576K
}
Event: 9.011 GC heap before
{Heap before GC invocations=7 (full 0):
 garbage-first heap   total 79872K, used 37234K [0x0000000080000000, 0x0000000100000000)
  region size 1024K, 20 young (20480K), 6 survivors (6144K)
 Metaspace       used 35270K, committed 36096K, reserved 1114112K
  class space    used 4711K, committed 5120K, reserved 1048576K
}
Event: 9.018 GC heap after
{Heap after GC invocations=8 (full 0):
 garbage-first heap   total 79872K, used 25698K [0x0000000080000000, 0x0000000100000000)
  region size 1024K, 4 young (4096K), 4 survivors (4096K)
 Metaspace       used 35270K, committed 36096K, reserved 1114112K
  class space    used 4711K, committed 5120K, reserved 1048576K
}
Event: 10.243 GC heap before
{Heap before GC invocations=9 (full 0):
 garbage-first heap   total 79872K, used 66658K [0x0000000080000000, 0x0000000100000000)
  region size 1024K, 45 young (46080K), 4 survivors (4096K)
 Metaspace       used 42335K, committed 43264K, reserved 1114112K
  class space    used 5509K, committed 5952K, reserved 1048576K
}
Event: 10.252 GC heap after
{Heap after GC invocations=10 (full 0):
 garbage-first heap   total 79872K, used 30168K [0x0000000080000000, 0x0000000100000000)
  region size 1024K, 6 young (6144K), 6 survivors (6144K)
 Metaspace       used 42335K, committed 43264K, reserved 1114112K
  class space    used 5509K, committed 5952K, reserved 1048576K
}

Dll operation events (3 events):
Event: 0.033 Loaded shared library C:\Program Files\Android\Android Studio\jbr\bin\java.dll
Event: 0.086 Loaded shared library C:\Program Files\Android\Android Studio\jbr\bin\zip.dll
Event: 1.768 Loaded shared library C:\Program Files\Android\Android Studio\jbr\bin\verify.dll

Deoptimization events (20 events):
Event: 10.095 Thread 0x0000015954c079e0 Uncommon trap: trap_request=0xffffffc6 fr.pc=0x000001594188d878 relative=0x0000000000000298
Event: 10.095 Thread 0x0000015954c079e0 Uncommon trap: reason=bimorphic_or_optimized_type_check action=maybe_recompile pc=0x000001594188d878 method=java.util.stream.MatchOps$1MatchSink.accept(Ljava/lang/Object;)V @ 12 c2
Event: 10.095 Thread 0x0000015954c079e0 DEOPT PACKING pc=0x000001594188d878 sp=0x00000039ab5f8420
Event: 10.095 Thread 0x0000015954c079e0 DEOPT UNPACKING pc=0x00000159412246a2 sp=0x00000039ab5f83c8 mode 2
Event: 10.095 Thread 0x0000015954c079e0 Uncommon trap: trap_request=0xffffffc6 fr.pc=0x000001594188d878 relative=0x0000000000000298
Event: 10.095 Thread 0x0000015954c079e0 Uncommon trap: reason=bimorphic_or_optimized_type_check action=maybe_recompile pc=0x000001594188d878 method=java.util.stream.MatchOps$1MatchSink.accept(Ljava/lang/Object;)V @ 12 c2
Event: 10.095 Thread 0x0000015954c079e0 DEOPT PACKING pc=0x000001594188d878 sp=0x00000039ab5f8420
Event: 10.095 Thread 0x0000015954c079e0 DEOPT UNPACKING pc=0x00000159412246a2 sp=0x00000039ab5f83c8 mode 2
Event: 10.106 Thread 0x0000015954c079e0 Uncommon trap: trap_request=0xffffff45 fr.pc=0x0000015941893598 relative=0x00000000000000f8
Event: 10.106 Thread 0x0000015954c079e0 Uncommon trap: reason=unstable_if action=reinterpret pc=0x0000015941893598 method=java.lang.ClassLoader.getClassLoadingLock(Ljava/lang/String;)Ljava/lang/Object; @ 6 c2
Event: 10.106 Thread 0x0000015954c079e0 DEOPT PACKING pc=0x0000015941893598 sp=0x00000039ab5f8a40
Event: 10.106 Thread 0x0000015954c079e0 DEOPT UNPACKING pc=0x00000159412246a2 sp=0x00000039ab5f89d0 mode 2
Event: 10.110 Thread 0x0000015954c079e0 Uncommon trap: trap_request=0xffffff6e fr.pc=0x00000159417f7808 relative=0x00000000000007c8
Event: 10.110 Thread 0x0000015954c079e0 Uncommon trap: reason=loop_limit_check action=maybe_recompile pc=0x00000159417f7808 method=java.util.regex.Pattern$Start.match(Ljava/util/regex/Matcher;ILjava/lang/CharSequence;)Z @ 34 c2
Event: 10.110 Thread 0x0000015954c079e0 DEOPT PACKING pc=0x00000159417f7808 sp=0x00000039ab5f87c0
Event: 10.110 Thread 0x0000015954c079e0 DEOPT UNPACKING pc=0x00000159412246a2 sp=0x00000039ab5f8710 mode 2
Event: 10.605 Thread 0x0000015954c079e0 Uncommon trap: trap_request=0xffffffc6 fr.pc=0x00000159418611d8 relative=0x0000000000000238
Event: 10.605 Thread 0x0000015954c079e0 Uncommon trap: reason=bimorphic_or_optimized_type_check action=maybe_recompile pc=0x00000159418611d8 method=java.util.stream.ReferencePipeline.forEachWithCancel(Ljava/util/Spliterator;Ljava/util/stream/Sink;)Z @ 1 c2
Event: 10.605 Thread 0x0000015954c079e0 DEOPT PACKING pc=0x00000159418611d8 sp=0x00000039ab5f9640
Event: 10.606 Thread 0x0000015954c079e0 DEOPT UNPACKING pc=0x00000159412246a2 sp=0x00000039ab5f95d0 mode 2

Classes loaded (20 events):
Event: 10.123 Loading class java/util/function/BooleanSupplier
Event: 10.123 Loading class java/util/function/BooleanSupplier done
Event: 10.124 Loading class jdk/internal/jimage/ImageReader$Resource
Event: 10.124 Loading class jdk/internal/jimage/ImageReader$Resource done
Event: 10.300 Loading class java/util/WeakHashMap$KeyIterator
Event: 10.300 Loading class java/util/WeakHashMap$HashIterator
Event: 10.300 Loading class java/util/WeakHashMap$HashIterator done
Event: 10.300 Loading class java/util/WeakHashMap$KeyIterator done
Event: 10.380 Loading class sun/nio/fs/WindowsPath$1
Event: 10.380 Loading class sun/nio/fs/WindowsPath$1 done
Event: 10.382 Loading class sun/nio/fs/WindowsException
Event: 10.382 Loading class sun/nio/fs/WindowsException done
Event: 10.481 Loading class java/util/Collections$SynchronizedRandomAccessList
Event: 10.481 Loading class java/util/Collections$SynchronizedList
Event: 10.482 Loading class java/util/Collections$SynchronizedList done
Event: 10.482 Loading class java/util/Collections$SynchronizedRandomAccessList done
Event: 10.519 Loading class java/lang/invoke/BoundMethodHandle$Species_LLLLLLLLLLLLLLLLLLLLLLLLL
Event: 10.519 Loading class java/lang/invoke/BoundMethodHandle$Species_LLLLLLLLLLLLLLLLLLLLLLLLL done
Event: 10.521 Loading class java/lang/invoke/BoundMethodHandle$Species_LLLLLLLLLLLLLLLLLLLLLLLLLL
Event: 10.521 Loading class java/lang/invoke/BoundMethodHandle$Species_LLLLLLLLLLLLLLLLLLLLLLLLLL done

Classes unloaded (0 events):
No events

Classes redefined (0 events):
No events

Internal exceptions (20 events):
Event: 9.873 Thread 0x0000015954c079e0 Exception <a 'java/lang/ClassNotFoundException'{0x000000008322e4b8}: java/lang/ObjectCustomizer> (0x000000008322e4b8) 
thrown [s\src\hotspot\share\classfile\systemDictionary.cpp, line 312]
Event: 9.879 Thread 0x0000015954c079e0 Exception <a 'java/lang/IncompatibleClassChangeError'{0x000000008323c8c8}: Found class java.lang.Object, but interface was expected> (0x000000008323c8c8) 
thrown [s\src\hotspot\share\interpreter\linkResolver.cpp, line 851]
Event: 9.886 Thread 0x0000015954c079e0 Exception <a 'java/lang/ClassNotFoundException'{0x0000000083256af0}: groovy/lang/MetaClassImplCustomizer> (0x0000000083256af0) 
thrown [s\src\hotspot\share\classfile\systemDictionary.cpp, line 312]
Event: 9.889 Thread 0x0000015954c079e0 Exception <a 'java/lang/ClassNotFoundException'{0x000000008327efe0}: groovy/lang/ExpandoMetaClassCustomizer> (0x000000008327efe0) 
thrown [s\src\hotspot\share\classfile\systemDictionary.cpp, line 312]
Event: 10.308 Thread 0x0000015954c079e0 Exception <a 'java/lang/ClassNotFoundException'{0x000000009d495420}: org/gradle/internal/extensibility/DefaultExtraPropertiesExtensionBeanInfo> (0x000000009d495420) 
thrown [s\src\hotspot\share\classfile\systemDictionary.cpp, line 312]
Event: 10.309 Thread 0x0000015954c079e0 Exception <a 'java/lang/ClassNotFoundException'{0x000000009d49dc08}: groovy/lang/GroovyObjectSupportBeanInfo> (0x000000009d49dc08) 
thrown [s\src\hotspot\share\classfile\systemDictionary.cpp, line 312]
Event: 10.309 Thread 0x0000015954c079e0 Exception <a 'java/lang/ClassNotFoundException'{0x000000009d4a63f8}: groovy/lang/GroovyObjectSupportCustomizer> (0x000000009d4a63f8) 
thrown [s\src\hotspot\share\classfile\systemDictionary.cpp, line 312]
Event: 10.314 Thread 0x0000015954c079e0 Exception <a 'java/lang/ClassNotFoundException'{0x000000009d4c0a00}: org/gradle/internal/extensibility/DefaultExtraPropertiesExtensionCustomizer> (0x000000009d4c0a00) 
thrown [s\src\hotspot\share\classfile\systemDictionary.cpp, line 312]
Event: 10.318 Thread 0x0000015954c079e0 Exception <a 'java/lang/IncompatibleClassChangeError'{0x000000009d4dbe10}: Found class java.lang.Object, but interface was expected> (0x000000009d4dbe10) 
thrown [s\src\hotspot\share\interpreter\linkResolver.cpp, line 851]
Event: 10.383 Thread 0x0000015954c079e0 Exception <a 'sun/nio/fs/WindowsException'{0x000000009d3ce1b0}> (0x000000009d3ce1b0) 
thrown [s\src\hotspot\share\prims\jni.cpp, line 535]
Event: 10.386 Thread 0x0000015954c079e0 Exception <a 'sun/nio/fs/WindowsException'{0x000000009d3cf6d8}> (0x000000009d3cf6d8) 
thrown [s\src\hotspot\share\prims\jni.cpp, line 535]
Event: 10.387 Thread 0x0000015954c079e0 Exception <a 'sun/nio/fs/WindowsException'{0x000000009d3d0ba8}> (0x000000009d3d0ba8) 
thrown [s\src\hotspot\share\prims\jni.cpp, line 535]
Event: 10.388 Thread 0x0000015954c079e0 Exception <a 'sun/nio/fs/WindowsException'{0x000000009d3d1ca0}> (0x000000009d3d1ca0) 
thrown [s\src\hotspot\share\prims\jni.cpp, line 535]
Event: 10.449 Thread 0x0000015954c079e0 Exception <a 'java/lang/NoSuchMethodError'{0x00000000843f0728}: 'java.lang.Object java.lang.invoke.Invokers$Holder.invoker(java.lang.Object, java.lang.Object, java.lang.Object, java.lang.Object, java.lang.Object, java.lang.Object)'> (0x00000000843f0728) 
thrown [s\src\hotspot\share\interpreter\linkResolver.cpp, line 784]
Event: 10.508 Thread 0x0000015954c079e0 Exception <a 'java/lang/NoSuchMethodError'{0x000000008410d4a8}: 'java.lang.Object java.lang.invoke.DirectMethodHandle$Holder.invokeSpecial(java.lang.Object, java.lang.Object, java.lang.Object, java.lang.Object, java.lang.Object, java.lang.Object, java.lang.Object, java.lang.Object, java.lang.Object, java.lang.Object, java.lang.Object, java.lang.Object, java.lang.Object, java.lang.Object, java.lang.Object, java.lang.Object, java.lang.Object, java.lang.Object, java.lang.Object, java.lang.Object, java.lang.Ob
Event: 10.509 Thread 0x0000015954c079e0 Exception <a 'java/lang/NoSuchMethodError'{0x0000000084113580}: 'java.lang.Object java.lang.invoke.DelegatingMethodHandle$Holder.reinvoke_L(java.lang.Object, java.lang.Object, java.lang.Object, java.lang.Object, java.lang.Object, java.lang.Object, java.lang.Object, java.lang.Object, java.lang.Object, java.lang.Object, java.lang.Object, java.lang.Object, java.lang.Object, java.lang.Object, java.lang.Object, java.lang.Object, java.lang.Object, java.lang.Object, java.lang.Object, java.lang.Object, java.lang.O
Event: 10.510 Thread 0x0000015954c079e0 Exception <a 'java/lang/NoSuchMethodError'{0x000000008411e768}: 'java.lang.Object java.lang.invoke.Invokers$Holder.invoker(java.lang.Object, java.lang.Object, java.lang.Object, java.lang.Object, java.lang.Object, java.lang.Object, java.lang.Object, java.lang.Object, java.lang.Object, java.lang.Object, java.lang.Object, java.lang.Object, java.lang.Object, java.lang.Object, java.lang.Object, java.lang.Object, java.lang.Object, java.lang.Object, java.lang.Object, java.lang.Object, java.lang.Object, java.lang.
Event: 10.510 Thread 0x0000015954c079e0 Exception <a 'java/lang/NoSuchMethodError'{0x00000000841250f0}: 'java.lang.Object java.lang.invoke.DelegatingMethodHandle$Holder.delegate(java.lang.Object, java.lang.Object, java.lang.Object, java.lang.Object, java.lang.Object, java.lang.Object, java.lang.Object, java.lang.Object, java.lang.Object, java.lang.Object, java.lang.Object, java.lang.Object, java.lang.Object, java.lang.Object, java.lang.Object, java.lang.Object, java.lang.Object, java.lang.Object, java.lang.Object, java.lang.Object, java.lang.Obj
Event: 10.520 Thread 0x0000015954c079e0 Exception <a 'java/lang/NoSuchMethodError'{0x00000000841f9a98}: 'java.lang.Object java.lang.invoke.DirectMethodHandle$Holder.invokeStatic(java.lang.Object, java.lang.Object, java.lang.Object, java.lang.Object, java.lang.Object, java.lang.Object, java.lang.Object, java.lang.Object, java.lang.Object, java.lang.Object, java.lang.Object, java.lang.Object, java.lang.Object, java.lang.Object, java.lang.Object, java.lang.Object, java.lang.Object, java.lang.Object, java.lang.Object, java.lang.Object, java.lang.Obj
Event: 10.523 Thread 0x0000015954c079e0 Exception <a 'java/lang/NoSuchMethodError'{0x000000008402f8f0}: 'java.lang.Object java.lang.invoke.DirectMethodHandle$Holder.invokeStatic(java.lang.Object, java.lang.Object, java.lang.Object, java.lang.Object, java.lang.Object, java.lang.Object, java.lang.Object, java.lang.Object, java.lang.Object, java.lang.Object, java.lang.Object, java.lang.Object, java.lang.Object, java.lang.Object, java.lang.Object, java.lang.Object, java.lang.Object, java.lang.Object, java.lang.Object, java.lang.Object, java.lang.Obj

ZGC Phase Switch (0 events):
No events

VM Operations (20 events):
Event: 9.398 Executing VM operation: HandshakeAllThreads (Deoptimize)
Event: 9.399 Executing VM operation: HandshakeAllThreads (Deoptimize) done
Event: 9.690 Executing VM operation: HandshakeAllThreads (Deoptimize)
Event: 9.690 Executing VM operation: HandshakeAllThreads (Deoptimize) done
Event: 9.789 Executing VM operation: HandshakeAllThreads (Deoptimize)
Event: 9.789 Executing VM operation: HandshakeAllThreads (Deoptimize) done
Event: 9.975 Executing VM operation: HandshakeAllThreads (Deoptimize)
Event: 9.975 Executing VM operation: HandshakeAllThreads (Deoptimize) done
Event: 9.975 Executing VM operation: HandshakeAllThreads (Deoptimize)
Event: 9.975 Executing VM operation: HandshakeAllThreads (Deoptimize) done
Event: 9.983 Executing VM operation: HandshakeAllThreads (Deoptimize)
Event: 9.983 Executing VM operation: HandshakeAllThreads (Deoptimize) done
Event: 10.084 Executing VM operation: ICBufferFull
Event: 10.084 Executing VM operation: ICBufferFull done
Event: 10.120 Executing VM operation: HandshakeAllThreads (Deoptimize)
Event: 10.120 Executing VM operation: HandshakeAllThreads (Deoptimize) done
Event: 10.243 Executing VM operation: G1CollectForAllocation (G1 Evacuation Pause)
Event: 10.252 Executing VM operation: G1CollectForAllocation (G1 Evacuation Pause) done
Event: 10.579 Executing VM operation: HandshakeAllThreads (Deoptimize)
Event: 10.579 Executing VM operation: HandshakeAllThreads (Deoptimize) done

Memory protections (0 events):
No events

Nmethod flushes (20 events):
Event: 9.037 Thread 0x000001594e828b30 flushing  nmethod 0x0000015939cbae10
Event: 9.037 Thread 0x000001594e828b30 flushing  nmethod 0x0000015939cbb110
Event: 9.037 Thread 0x000001594e828b30 flushing  nmethod 0x0000015939cbb610
Event: 9.037 Thread 0x000001594e828b30 flushing  nmethod 0x0000015939cbc610
Event: 9.037 Thread 0x000001594e828b30 flushing  nmethod 0x0000015939cbde90
Event: 9.037 Thread 0x000001594e828b30 flushing  nmethod 0x0000015939d98090
Event: 9.037 Thread 0x000001594e828b30 flushing  nmethod 0x0000015939d99e10
Event: 9.037 Thread 0x000001594e828b30 flushing  nmethod 0x0000015939d9ba10
Event: 9.037 Thread 0x000001594e828b30 flushing  nmethod 0x0000015939da3b90
Event: 9.037 Thread 0x000001594e828b30 flushing  nmethod 0x0000015939da4410
Event: 9.037 Thread 0x000001594e828b30 flushing  nmethod 0x0000015939e40910
Event: 9.037 Thread 0x000001594e828b30 flushing  nmethod 0x0000015939e41510
Event: 9.037 Thread 0x000001594e828b30 flushing  nmethod 0x0000015939eb1f90
Event: 9.037 Thread 0x000001594e828b30 flushing  nmethod 0x0000015939eba910
Event: 9.037 Thread 0x000001594e828b30 flushing  nmethod 0x0000015939f1cd10
Event: 9.037 Thread 0x000001594e828b30 flushing  nmethod 0x0000015939f96f10
Event: 9.037 Thread 0x000001594e828b30 flushing  nmethod 0x0000015939f9a990
Event: 9.037 Thread 0x000001594e828b30 flushing  nmethod 0x000001593a05a710
Event: 9.037 Thread 0x000001594e828b30 flushing  nmethod 0x000001593a05d410
Event: 9.037 Thread 0x000001594e828b30 flushing  nmethod 0x000001593a061190

Events (20 events):
Event: 4.881 Thread 0x0000015954c079e0 Thread added: 0x0000015954c08700
Event: 4.893 Thread 0x0000015954c079e0 Thread added: 0x0000015954c05280
Event: 4.896 Thread 0x0000015954c079e0 Thread added: 0x0000015954c08070
Event: 5.827 Thread 0x0000015954c079e0 Thread added: 0x0000015954c09420
Event: 5.858 Thread 0x0000015954c079e0 Thread added: 0x0000015954c03ed0
Event: 5.983 Thread 0x0000015954c079e0 Thread added: 0x0000015954c07350
Event: 6.109 Thread 0x000001594e8aa8d0 Thread added: 0x00000159556ad580
Event: 7.688 Thread 0x00000159556ad580 Thread exited: 0x00000159556ad580
Event: 8.368 Thread 0x000001594e8aa8d0 Thread added: 0x00000159563785a0
Event: 8.441 Thread 0x0000015954c079e0 Thread added: 0x0000015954c05fa0
Event: 8.459 Thread 0x0000015954c079e0 Thread added: 0x0000015954c031b0
Event: 8.783 Thread 0x0000015954c079e0 Thread added: 0x0000015954c04560
Event: 8.791 Thread 0x0000015954c079e0 Thread added: 0x0000015954c05910
Event: 8.881 Thread 0x00000159563785a0 Thread exited: 0x00000159563785a0
Event: 9.339 Thread 0x000001594e8aa8d0 Thread added: 0x0000015956378c70
Event: 9.400 Thread 0x000001594e8aa8d0 Thread added: 0x0000015956376390
Event: 9.680 Thread 0x0000015956376390 Thread exited: 0x0000015956376390
Event: 9.985 Thread 0x0000015956378c70 Thread exited: 0x0000015956378c70
Event: 10.026 Thread 0x000001594e8aa8d0 Thread added: 0x0000015956377130
Event: 10.172 Thread 0x000001594e8aa8d0 Thread added: 0x0000015956376390


Dynamic libraries:
0x00007ff76f560000 - 0x00007ff76f56a000 	C:\Program Files\Android\Android Studio\jbr\bin\java.exe
0x00007ff823e70000 - 0x00007ff824087000 	C:\WINDOWS\SYSTEM32\ntdll.dll
0x00007ff822b00000 - 0x00007ff822bc4000 	C:\WINDOWS\System32\KERNEL32.DLL
0x00007ff8212a0000 - 0x00007ff821672000 	C:\WINDOWS\System32\KERNELBASE.dll
0x00007ff821740000 - 0x00007ff821851000 	C:\WINDOWS\System32\ucrtbase.dll
0x00007ff815c60000 - 0x00007ff815c7b000 	C:\Program Files\Android\Android Studio\jbr\bin\VCRUNTIME140.dll
0x00007ffffe790000 - 0x00007ffffe7a8000 	C:\Program Files\Android\Android Studio\jbr\bin\jli.dll
0x00007ff8221a0000 - 0x00007ff822351000 	C:\WINDOWS\System32\USER32.dll
0x00007ff820f90000 - 0x00007ff820fb6000 	C:\WINDOWS\System32\win32u.dll
0x00007ff823ca0000 - 0x00007ff823cc9000 	C:\WINDOWS\System32\GDI32.dll
0x00007ff8182b0000 - 0x00007ff81854b000 	C:\WINDOWS\WinSxS\amd64_microsoft.windows.common-controls_6595b64144ccf1df_6.0.22621.5415_none_270d77d17387d7da\COMCTL32.dll
0x00007ff8219d0000 - 0x00007ff821af3000 	C:\WINDOWS\System32\gdi32full.dll
0x00007ff821040000 - 0x00007ff8210da000 	C:\WINDOWS\System32\msvcp_win.dll
0x00007ff823bc0000 - 0x00007ff823c67000 	C:\WINDOWS\System32\msvcrt.dll
0x00007ff823df0000 - 0x00007ff823e21000 	C:\WINDOWS\System32\IMM32.DLL
0x00007ff81cde0000 - 0x00007ff81cdec000 	C:\Program Files\Android\Android Studio\jbr\bin\vcruntime140_1.dll
0x00007fffe14c0000 - 0x00007fffe154d000 	C:\Program Files\Android\Android Studio\jbr\bin\msvcp140.dll
0x00007fff7a860000 - 0x00007fff7b4eb000 	C:\Program Files\Android\Android Studio\jbr\bin\server\jvm.dll
0x00007ff821b00000 - 0x00007ff821bb1000 	C:\WINDOWS\System32\ADVAPI32.dll
0x00007ff8227f0000 - 0x00007ff822898000 	C:\WINDOWS\System32\sechost.dll
0x00007ff820f60000 - 0x00007ff820f88000 	C:\WINDOWS\System32\bcrypt.dll
0x00007ff823cd0000 - 0x00007ff823de4000 	C:\WINDOWS\System32\RPCRT4.dll
0x00007ff822bd0000 - 0x00007ff822c41000 	C:\WINDOWS\System32\WS2_32.dll
0x00007ff820460000 - 0x00007ff8204ad000 	C:\WINDOWS\SYSTEM32\POWRPROF.dll
0x00007ff81d6d0000 - 0x00007ff81d704000 	C:\WINDOWS\SYSTEM32\WINMM.dll
0x00007ff81fb30000 - 0x00007ff81fb3a000 	C:\WINDOWS\SYSTEM32\VERSION.dll
0x00007ff8203a0000 - 0x00007ff8203b3000 	C:\WINDOWS\SYSTEM32\UMPDC.dll
0x00007ff81ffc0000 - 0x00007ff81ffd8000 	C:\WINDOWS\SYSTEM32\kernel.appcore.dll
0x00007ff81cdd0000 - 0x00007ff81cdda000 	C:\Program Files\Android\Android Studio\jbr\bin\jimage.dll
0x00007ff81e5c0000 - 0x00007ff81e7f3000 	C:\WINDOWS\SYSTEM32\DBGHELP.DLL
0x00007ff822c70000 - 0x00007ff823003000 	C:\WINDOWS\System32\combase.dll
0x00007ff822a20000 - 0x00007ff822af7000 	C:\WINDOWS\System32\OLEAUT32.dll
0x00007ff810160000 - 0x00007ff810192000 	C:\WINDOWS\SYSTEM32\dbgcore.DLL
0x00007ff8210e0000 - 0x00007ff82115b000 	C:\WINDOWS\System32\bcryptPrimitives.dll
0x00007fffff6b0000 - 0x00007fffff6be000 	C:\Program Files\Android\Android Studio\jbr\bin\instrument.dll
0x00007ff815bd0000 - 0x00007ff815bf0000 	C:\Program Files\Android\Android Studio\jbr\bin\java.dll
0x00007ff806a30000 - 0x00007ff806a48000 	C:\Program Files\Android\Android Studio\jbr\bin\zip.dll
0x00007ff823070000 - 0x00007ff823912000 	C:\WINDOWS\System32\SHELL32.dll
0x00007ff821160000 - 0x00007ff82129f000 	C:\WINDOWS\System32\wintypes.dll
0x00007ff81eb90000 - 0x00007ff81f4ae000 	C:\WINDOWS\SYSTEM32\windows.storage.dll
0x00007ff822910000 - 0x00007ff822a1b000 	C:\WINDOWS\System32\SHCORE.dll
0x00007ff8228a0000 - 0x00007ff822909000 	C:\WINDOWS\System32\shlwapi.dll
0x00007ff820e90000 - 0x00007ff820ebb000 	C:\WINDOWS\SYSTEM32\profapi.dll
0x00007ff81cd50000 - 0x00007ff81cd60000 	C:\Program Files\Android\Android Studio\jbr\bin\net.dll
0x00007ff81d3a0000 - 0x00007ff81d4cc000 	C:\WINDOWS\SYSTEM32\WINHTTP.dll
0x00007ff8204b0000 - 0x00007ff820519000 	C:\WINDOWS\system32\mswsock.dll
0x00007ff805f40000 - 0x00007ff805f56000 	C:\Program Files\Android\Android Studio\jbr\bin\nio.dll
0x00007ff805f10000 - 0x00007ff805f20000 	C:\Program Files\Android\Android Studio\jbr\bin\verify.dll
0x00007ffffa1b0000 - 0x00007ffffa1d7000 	C:\Users\Ntale\.gradle\native\1def1411415f61bf3af743bc5b6707747c0891f09f0c88961ee8f79bc544acac\windows-amd64\native-platform.dll
0x00007fffe10a0000 - 0x00007fffe1118000 	C:\Users\Ntale\.gradle\native\0.2.7\x86_64-windows-gnu\gradle-fileevents.dll
0x00007ff81b080000 - 0x00007ff81b089000 	C:\Program Files\Android\Android Studio\jbr\bin\management.dll
0x00007ff806a20000 - 0x00007ff806a2b000 	C:\Program Files\Android\Android Studio\jbr\bin\management_ext.dll
0x00007ff8239f0000 - 0x00007ff8239f8000 	C:\WINDOWS\System32\PSAPI.DLL
0x00007ff81f740000 - 0x00007ff81f76d000 	C:\WINDOWS\SYSTEM32\IPHLPAPI.DLL
0x00007ff822c60000 - 0x00007ff822c69000 	C:\WINDOWS\System32\NSI.dll
0x00007ff81b0b0000 - 0x00007ff81b0b9000 	C:\Program Files\Android\Android Studio\jbr\bin\extnet.dll
0x00007ff820800000 - 0x00007ff82081b000 	C:\WINDOWS\SYSTEM32\CRYPTSP.dll
0x00007ff81ff20000 - 0x00007ff81ff57000 	C:\WINDOWS\system32\rsaenh.dll
0x00007ff820550000 - 0x00007ff820578000 	C:\WINDOWS\SYSTEM32\USERENV.dll
0x00007ff8207e0000 - 0x00007ff8207ec000 	C:\WINDOWS\SYSTEM32\CRYPTBASE.dll
0x00007ffffbff0000 - 0x00007ffffbff8000 	C:\WINDOWS\system32\wshunix.dll

dbghelp: loaded successfully - version: 4.0.5 - missing functions: none
symbol engine: initialized successfully - sym options: 0x614 - pdb path: .;C:\Program Files\Android\Android Studio\jbr\bin;C:\WINDOWS\SYSTEM32;C:\WINDOWS\WinSxS\amd64_microsoft.windows.common-controls_6595b64144ccf1df_6.0.22621.5415_none_270d77d17387d7da;C:\Program Files\Android\Android Studio\jbr\bin\server;C:\Users\Ntale\.gradle\native\1def1411415f61bf3af743bc5b6707747c0891f09f0c88961ee8f79bc544acac\windows-amd64;C:\Users\Ntale\.gradle\native\0.2.7\x86_64-windows-gnu

VM Arguments:
jvm_args: --add-opens=java.base/java.lang=ALL-UNNAMED --add-opens=java.base/java.lang.invoke=ALL-UNNAMED --add-opens=java.base/java.util=ALL-UNNAMED --add-opens=java.prefs/java.util.prefs=ALL-UNNAMED --add-exports=jdk.compiler/com.sun.tools.javac.api=ALL-UNNAMED --add-exports=jdk.compiler/com.sun.tools.javac.util=ALL-UNNAMED --add-opens=java.base/java.util=ALL-UNNAMED --add-opens=java.prefs/java.util.prefs=ALL-UNNAMED --add-opens=java.base/java.nio.charset=ALL-UNNAMED --add-opens=java.base/java.net=ALL-UNNAMED --add-opens=java.base/java.util.concurrent.atomic=ALL-UNNAMED --add-opens=java.xml/javax.xml.namespace=ALL-UNNAMED -Xmx2048m -Dfile.encoding=UTF-8 -Duser.country=US -Duser.language=en -Duser.variant -javaagent:C:\Users\Ntale\.gradle\wrapper\dists\gradle-8.13-bin\5xuhj0ry160q40clulazy9h7d\gradle-8.13\lib\agents\gradle-instrumentation-agent-8.13.jar 
java_command: org.gradle.launcher.daemon.bootstrap.GradleDaemon 8.13
java_class_path (initial): C:\Users\Ntale\.gradle\wrapper\dists\gradle-8.13-bin\5xuhj0ry160q40clulazy9h7d\gradle-8.13\lib\gradle-daemon-main-8.13.jar
Launcher Type: SUN_STANDARD

[Global flags]
     intx CICompilerCount                          = 4                                         {product} {ergonomic}
     uint ConcGCThreads                            = 3                                         {product} {ergonomic}
     uint G1ConcRefinementThreads                  = 10                                        {product} {ergonomic}
   size_t G1HeapRegionSize                         = 1048576                                   {product} {ergonomic}
    uintx GCDrainStackTargetSize                   = 64                                        {product} {ergonomic}
   size_t InitialHeapSize                          = 532676608                                 {product} {ergonomic}
   size_t MarkStackSize                            = 4194304                                   {product} {ergonomic}
   size_t MaxHeapSize                              = 2147483648                                {product} {command line}
   size_t MaxNewSize                               = 1287651328                                {product} {ergonomic}
   size_t MinHeapDeltaBytes                        = 1048576                                   {product} {ergonomic}
   size_t MinHeapSize                              = 8388608                                   {product} {ergonomic}
    uintx NonNMethodCodeHeapSize                   = 5839372                                {pd product} {ergonomic}
    uintx NonProfiledCodeHeapSize                  = 122909434                              {pd product} {ergonomic}
    uintx ProfiledCodeHeapSize                     = 122909434                              {pd product} {ergonomic}
    uintx ReservedCodeCacheSize                    = 251658240                              {pd product} {ergonomic}
     bool SegmentedCodeCache                       = true                                      {product} {ergonomic}
   size_t SoftMaxHeapSize                          = 2147483648                             {manageable} {ergonomic}
     bool UseCompressedOops                        = true                           {product lp64_product} {ergonomic}
     bool UseG1GC                                  = true                                      {product} {ergonomic}
     bool UseLargePagesIndividualAllocation        = false                                  {pd product} {ergonomic}

Logging:
Log output configuration:
 #0: stdout all=warning uptime,level,tags foldmultilines=false
 #1: stderr all=off uptime,level,tags foldmultilines=false

Environment Variables:
PATH=C:\WINDOWS\system32;C:\WINDOWS;C:\WINDOWS\System32\Wbem;C:\WINDOWS\System32\WindowsPowerShell\v1.0\;C:\WINDOWS\System32\OpenSSH\;C:\Program Files\Docker\Docker\resources\bin;C:\Program Files\dotnet\;C:\Program Files\Git\cmd;C:\Program Files (x86)\HP\Common\HPDestPlgIn\;C:\Program Files\PuTTY\;C:\Users\Ntale\AppData\Local\Microsoft\WindowsApps;C:\Users\Ntale\AppData\Local\Programs\Microsoft VS Code\bin;C:\Users\Ntale\AppData\Local\GitHubDesktop\bin;C:\Program Files (x86)\HP\Common\HPDestPlgIn\;C:\msys64\ucrt64\bin;C:\Program Files\CMake\bin;C:\Program Files (x86)\Microsoft Visual Studio\2022\BuildTools\Common7\IDE\CommonExtensions\Microsoft\CMake\CMake\bin;
USERNAME=Ntale
OS=Windows_NT
PROCESSOR_IDENTIFIER=Intel64 Family 6 Model 186 Stepping 3, GenuineIntel
TMP=C:\Users\Ntale\AppData\Local\Temp
TEMP=C:\Users\Ntale\AppData\Local\Temp




Periodic native trim disabled

JNI global refs:
JNI global refs: 24, weak refs: 0

JNI global refs memory usage: 835, weak refs: 833

Process memory usage:
Resident Set Size: 248216K (0% of 33177868K total physical memory with 9798648K free physical memory)

OOME stack traces (most recent first):
Classloader memory used:
Loader org.gradle.internal.classloader.VisitableURLClassLoader                         : 20928K
Loader bootstrap                                                                       : 20134K
Loader org.gradle.initialization.MixInLegacyTypesClassLoader                           : 2719K
Loader jdk.internal.loader.ClassLoaders$PlatformClassLoader                            : 498K
Loader jdk.internal.loader.ClassLoaders$AppClassLoader                                 : 235K

Classes loaded by more than one classloader:
Class org.gradle.internal.classloader.FilteringClassLoader                            : loaded 2 times (x 101B)
Class org.gradle.internal.classloader.ClassLoaderHierarchy                            : loaded 2 times (x 66B)
Class org.gradle.api.internal.classpath.ManifestUtil                                  : loaded 2 times (x 67B)
Class org.gradle.internal.classloader.DefaultClassLoaderFactory                       : loaded 2 times (x 78B)
Class org.gradle.internal.classloader.ClassLoaderVisitor                              : loaded 2 times (x 72B)
Class org.gradle.api.internal.classpath.EffectiveClassPath                            : loaded 2 times (x 86B)
Class org.gradle.api.internal.DefaultClassPathProvider                                : loaded 2 times (x 72B)
Class [Lorg.gradle.api.internal.ClassPathProvider;                                    : loaded 2 times (x 65B)
Class org.gradle.api.internal.ClassPathProvider                                       : loaded 2 times (x 66B)
Class org.gradle.internal.service.UnknownServiceException                             : loaded 2 times (x 79B)
Class org.gradle.internal.classpath.TransformedClassPath                              : loaded 2 times (x 92B)
Class org.gradle.internal.classloader.InstrumentingClassLoader                        : loaded 2 times (x 66B)
Class org.gradle.internal.service.ServiceLocator                                      : loaded 2 times (x 66B)
Class org.gradle.internal.InternalTransformer                                         : loaded 2 times (x 66B)
Class org.gradle.internal.classloader.ClasspathUtil$1                                 : loaded 2 times (x 72B)
Class org.gradle.api.internal.classpath.DefaultModuleRegistry$DefaultModule           : loaded 2 times (x 82B)
Class org.gradle.api.internal.classpath.Module                                        : loaded 2 times (x 66B)
Class org.gradle.api.internal.classpath.UnknownModuleException                        : loaded 2 times (x 78B)
Class org.gradle.api.internal.DefaultClassPathRegistry                                : loaded 2 times (x 72B)
Class org.gradle.api.internal.ClassPathRegistry                                       : loaded 2 times (x 66B)
Class org.gradle.internal.classpath.DefaultClassPath$ImmutableUniqueList              : loaded 2 times (x 195B)
Class org.gradle.internal.classpath.ClassPath                                         : loaded 2 times (x 66B)
Class org.gradle.api.UncheckedIOException                                             : loaded 2 times (x 78B)
Class org.gradle.internal.installation.GradleInstallation$1                           : loaded 2 times (x 71B)
Class org.gradle.api.internal.classpath.ModuleRegistry                                : loaded 2 times (x 66B)
Class org.gradle.api.internal.classpath.DefaultModuleRegistry                         : loaded 2 times (x 82B)
Class org.gradle.internal.service.ServiceLookupException                              : loaded 2 times (x 78B)
Class org.gradle.internal.classloader.ClassLoaderFactory                              : loaded 2 times (x 66B)
Class org.gradle.internal.service.CachingServiceLocator                               : loaded 2 times (x 78B)
Class org.gradle.internal.classloader.ClasspathUtil                                   : loaded 2 times (x 67B)
Class org.gradle.api.specs.Spec                                                       : loaded 2 times (x 66B)
Class org.gradle.internal.classloader.VisitableURLClassLoader$InstrumentingVisitableURLClassLoader: loaded 2 times (x 119B)
Class org.gradle.internal.classloader.VisitableURLClassLoader$Spec                    : loaded 2 times (x 70B)
Class org.gradle.internal.classpath.DefaultClassPath                                  : loaded 2 times (x 86B)
Class org.gradle.internal.classloader.ClassLoaderSpec                                 : loaded 2 times (x 67B)
Class org.gradle.internal.classloader.VisitableURLClassLoader                         : loaded 2 times (x 113B)
Class org.gradle.internal.Cast                                                        : loaded 2 times (x 67B)
Class org.gradle.api.Action                                                           : loaded 2 times (x 66B)
Class org.gradle.internal.classpath.DefaultClassPath$ImmutableUniqueList$Builder      : loaded 2 times (x 71B)
Class org.gradle.api.GradleException                                                  : loaded 2 times (x 78B)
Class org.gradle.internal.IoActions                                                   : loaded 2 times (x 67B)
Class org.gradle.internal.classloader.SystemClassLoaderSpec                           : loaded 2 times (x 67B)
Class org.gradle.api.internal.classpath.GlobalCacheRootsProvider                      : loaded 2 times (x 66B)
Class org.gradle.internal.installation.CurrentGradleInstallationLocator               : loaded 2 times (x 67B)
Class org.gradle.internal.service.DefaultServiceLocator                               : loaded 2 times (x 79B)
Class org.gradle.internal.installation.CurrentGradleInstallation                      : loaded 2 times (x 69B)
Class org.gradle.util.internal.GUtil                                                  : loaded 2 times (x 67B)
Class org.gradle.internal.installation.GradleInstallation                             : loaded 2 times (x 71B)

---------------  S Y S T E M  ---------------

OS:
 Windows 11 , 64 bit Build 22621 (10.0.22621.5415)
OS uptime: 16 days 1:39 hours
Hyper-V role detected

CPU: total 12 (initial active 12) (6 cores per cpu, 2 threads per core) family 6 model 186 stepping 3 microcode 0x4128, cx8, cmov, fxsr, ht, mmx, 3dnowpref, sse, sse2, sse3, ssse3, sse4.1, sse4.2, popcnt, lzcnt, tsc, tscinvbit, avx, avx2, aes, erms, clmul, bmi1, bmi2, adx, sha, fma, vzeroupper, clflush, clflushopt, clwb, hv, serialize, rdtscp, rdpid, fsrm, f16c, cet_ibt, cet_ss
Processor Information for processor 0
  Max Mhz: 1700, Current Mhz: 1700, Mhz Limit: 1700
Processor Information for processor 1
  Max Mhz: 1700, Current Mhz: 1700, Mhz Limit: 1700
Processor Information for processor 2
  Max Mhz: 1700, Current Mhz: 1700, Mhz Limit: 1700
Processor Information for processor 3
  Max Mhz: 1700, Current Mhz: 1700, Mhz Limit: 1700
Processor Information for processor 4
  Max Mhz: 1700, Current Mhz: 1558, Mhz Limit: 1700
Processor Information for processor 5
  Max Mhz: 1700, Current Mhz: 1558, Mhz Limit: 1700
Processor Information for processor 6
  Max Mhz: 1700, Current Mhz: 1700, Mhz Limit: 1700
Processor Information for processor 7
  Max Mhz: 1700, Current Mhz: 1558, Mhz Limit: 1700
Processor Information for processor 8
  Max Mhz: 1700, Current Mhz: 1700, Mhz Limit: 1700
Processor Information for processor 9
  Max Mhz: 1700, Current Mhz: 1558, Mhz Limit: 1700
Processor Information for processor 10
  Max Mhz: 1700, Current Mhz: 1558, Mhz Limit: 1700
Processor Information for processor 11
  Max Mhz: 1700, Current Mhz: 1558, Mhz Limit: 1700

Memory: 4k page, system-wide physical 32400M (9568M free)
TotalPageFile size 71161M (AvailPageFile size 11M)
current process WorkingSet (physical memory assigned to process): 242M, peak: 252M
current process commit charge ("private bytes"): 284M, peak: 647M

vm_info: OpenJDK 64-Bit Server VM (21.0.6+-13391695-b895.109) for windows-amd64 JRE (21.0.6+-13391695-b895.109), built on 2025-04-22T21:19:17Z by "builder" with MS VC++ 16.10 / 16.11 (VS2019)

END.
