kotlin version: 2.0.21
error message: org.jetbrains.kotlin.backend.common.BackendException: Backend Internal error: Exception during IR lowering
File being compiled: C:/Users/Ikael/Documents/SHIELD_KIDS/ShieldKids/app/src/main/java/com/shieldtechhub/shieldkids/ChildDetailActivity.kt
The root cause java.lang.RuntimeException was thrown at: org.jetbrains.kotlin.backend.jvm.codegen.FunctionCodegen.generate(FunctionCodegen.kt:47)
	at org.jetbrains.kotlin.backend.common.CodegenUtil.reportBackendException(CodegenUtil.kt:253)
	at org.jetbrains.kotlin.backend.common.CodegenUtil.reportBackendException$default(CodegenUtil.kt:236)
	at org.jetbrains.kotlin.backend.common.phaser.PerformByIrFilePhase.invokeSequential(performByIrFile.kt:65)
	at org.jetbrains.kotlin.backend.common.phaser.PerformByIrFilePhase.invoke(performByIrFile.kt:52)
	at org.jetbrains.kotlin.backend.common.phaser.PerformByIrFilePhase.invoke(performByIrFile.kt:38)
	at org.jetbrains.kotlin.backend.common.phaser.NamedCompilerPhase.phaseBody(CompilerPhase.kt:166)
	at org.jetbrains.kotlin.backend.common.phaser.AbstractNamedCompilerPhase.invoke(CompilerPhase.kt:113)
	at org.jetbrains.kotlin.backend.common.phaser.CompositePhase.invoke(PhaseBuilders.kt:27)
	at org.jetbrains.kotlin.backend.common.phaser.CompositePhase.invoke(PhaseBuilders.kt:14)
	at org.jetbrains.kotlin.backend.common.phaser.NamedCompilerPhase.phaseBody(CompilerPhase.kt:166)
	at org.jetbrains.kotlin.backend.common.phaser.AbstractNamedCompilerPhase.invoke(CompilerPhase.kt:113)
	at org.jetbrains.kotlin.backend.common.phaser.CompilerPhaseKt.invokeToplevel(CompilerPhase.kt:62)
	at org.jetbrains.kotlin.backend.jvm.JvmIrCodegenFactory.invokeCodegen(JvmIrCodegenFactory.kt:371)
	at org.jetbrains.kotlin.codegen.CodegenFactory.generateModule(CodegenFactory.kt:47)
	at org.jetbrains.kotlin.backend.jvm.JvmIrCodegenFactory.generateModuleInFrontendIRMode(JvmIrCodegenFactory.kt:433)
	at org.jetbrains.kotlin.cli.jvm.compiler.pipeline.JvmCompilerPipelineKt.generateCodeFromIr(jvmCompilerPipeline.kt:246)
	at org.jetbrains.kotlin.cli.jvm.compiler.pipeline.JvmCompilerPipelineKt.compileModulesUsingFrontendIrAndLightTree(jvmCompilerPipeline.kt:142)
	at org.jetbrains.kotlin.cli.jvm.K2JVMCompiler.doExecute(K2JVMCompiler.kt:148)
	at org.jetbrains.kotlin.cli.jvm.K2JVMCompiler.doExecute(K2JVMCompiler.kt:43)
	at org.jetbrains.kotlin.cli.common.CLICompiler.execImpl(CLICompiler.kt:103)
	at org.jetbrains.kotlin.cli.common.CLICompiler.execImpl(CLICompiler.kt:49)
	at org.jetbrains.kotlin.cli.common.CLITool.exec(CLITool.kt:101)
	at org.jetbrains.kotlin.incremental.IncrementalJvmCompilerRunner.runCompiler(IncrementalJvmCompilerRunner.kt:464)
	at org.jetbrains.kotlin.incremental.IncrementalJvmCompilerRunner.runCompiler(IncrementalJvmCompilerRunner.kt:73)
	at org.jetbrains.kotlin.incremental.IncrementalCompilerRunner.doCompile(IncrementalCompilerRunner.kt:506)
	at org.jetbrains.kotlin.incremental.IncrementalCompilerRunner.compileImpl(IncrementalCompilerRunner.kt:423)
	at org.jetbrains.kotlin.incremental.IncrementalCompilerRunner.tryCompileIncrementally$lambda$9$compile(IncrementalCompilerRunner.kt:249)
	at org.jetbrains.kotlin.incremental.IncrementalCompilerRunner.tryCompileIncrementally(IncrementalCompilerRunner.kt:267)
	at org.jetbrains.kotlin.incremental.IncrementalCompilerRunner.compile(IncrementalCompilerRunner.kt:120)
	at org.jetbrains.kotlin.daemon.CompileServiceImplBase.execIncrementalCompiler(CompileServiceImpl.kt:675)
	at org.jetbrains.kotlin.daemon.CompileServiceImplBase.access$execIncrementalCompiler(CompileServiceImpl.kt:92)
	at org.jetbrains.kotlin.daemon.CompileServiceImpl.compile(CompileServiceImpl.kt:1660)
	at java.base/jdk.internal.reflect.DirectMethodHandleAccessor.invoke(Unknown Source)
	at java.base/java.lang.reflect.Method.invoke(Unknown Source)
	at java.rmi/sun.rmi.server.UnicastServerRef.dispatch(Unknown Source)
	at java.rmi/sun.rmi.transport.Transport$1.run(Unknown Source)
	at java.rmi/sun.rmi.transport.Transport$1.run(Unknown Source)
	at java.base/java.security.AccessController.doPrivileged(Unknown Source)
	at java.rmi/sun.rmi.transport.Transport.serviceCall(Unknown Source)
	at java.rmi/sun.rmi.transport.tcp.TCPTransport.handleMessages(Unknown Source)
	at java.rmi/sun.rmi.transport.tcp.TCPTransport$ConnectionHandler.run0(Unknown Source)
	at java.rmi/sun.rmi.transport.tcp.TCPTransport$ConnectionHandler.lambda$run$0(Unknown Source)
	at java.base/java.security.AccessController.doPrivileged(Unknown Source)
	at java.rmi/sun.rmi.transport.tcp.TCPTransport$ConnectionHandler.run(Unknown Source)
	at java.base/java.util.concurrent.ThreadPoolExecutor.runWorker(Unknown Source)
	at java.base/java.util.concurrent.ThreadPoolExecutor$Worker.run(Unknown Source)
	at java.base/java.lang.Thread.run(Unknown Source)
Caused by: java.lang.RuntimeException: Exception while generating code for:
FUN name:addDeviceItem visibility:private modality:FINAL <> ($this:com.shieldtechhub.shieldkids.ChildDetailActivity, container:android.widget.LinearLayout, deviceId:kotlin.String, deviceName:kotlin.String) returnType:kotlin.Unit
  $this: VALUE_PARAMETER name:<this> type:com.shieldtechhub.shieldkids.ChildDetailActivity
  VALUE_PARAMETER name:container index:0 type:android.widget.LinearLayout
  VALUE_PARAMETER name:deviceId index:1 type:kotlin.String
  VALUE_PARAMETER name:deviceName index:2 type:kotlin.String
  BLOCK_BODY
    VAR name:deviceView type:android.widget.LinearLayout [val]
      CALL 'public final fun apply <T> (block: @[ExtensionFunctionType] kotlin.Function1<T of kotlin.StandardKt.apply, kotlin.Unit>): T of kotlin.StandardKt.apply [inline] declared in kotlin.StandardKt' type=android.widget.LinearLayout origin=null
        <T>: android.widget.LinearLayout
        $receiver: CONSTRUCTOR_CALL 'public constructor <init> (p0: @[FlexibleNullability] android.content.Context?) declared in android.widget.LinearLayout' type=android.widget.LinearLayout origin=null
          p0: GET_VAR '<this>: com.shieldtechhub.shieldkids.ChildDetailActivity declared in com.shieldtechhub.shieldkids.ChildDetailActivity.addDeviceItem' type=com.shieldtechhub.shieldkids.ChildDetailActivity origin=null
        block: BLOCK type=@[ExtensionFunctionType] kotlin.Function1<android.widget.LinearLayout, kotlin.Unit> origin=LAMBDA
          COMPOSITE type=kotlin.Unit origin=null
          FUNCTION_REFERENCE 'private final fun addDeviceItem$lambda$7 (): kotlin.Unit declared in com.shieldtechhub.shieldkids.ChildDetailActivity' type=@[ExtensionFunctionType] kotlin.Function1<android.widget.LinearLayout, kotlin.Unit> origin=INLINE_LAMBDA reflectionTarget=null
    VAR name:icon type:android.widget.TextView [val]
      CALL 'public final fun apply <T> (block: @[ExtensionFunctionType] kotlin.Function1<T of kotlin.StandardKt.apply, kotlin.Unit>): T of kotlin.StandardKt.apply [inline] declared in kotlin.StandardKt' type=android.widget.TextView origin=null
        <T>: android.widget.TextView
        $receiver: CONSTRUCTOR_CALL 'public constructor <init> (p0: @[FlexibleNullability] android.content.Context?) declared in android.widget.TextView' type=android.widget.TextView origin=null
          p0: GET_VAR '<this>: com.shieldtechhub.shieldkids.ChildDetailActivity declared in com.shieldtechhub.shieldkids.ChildDetailActivity.addDeviceItem' type=com.shieldtechhub.shieldkids.ChildDetailActivity origin=null
        block: BLOCK type=@[ExtensionFunctionType] kotlin.Function1<android.widget.TextView, kotlin.Unit> origin=LAMBDA
          COMPOSITE type=kotlin.Unit origin=null
          FUNCTION_REFERENCE 'private final fun addDeviceItem$lambda$9 (): kotlin.Unit declared in com.shieldtechhub.shieldkids.ChildDetailActivity' type=@[ExtensionFunctionType] kotlin.Function1<android.widget.TextView, kotlin.Unit> origin=INLINE_LAMBDA reflectionTarget=null
    VAR name:nameText type:android.widget.TextView [val]
      CALL 'public final fun apply <T> (block: @[ExtensionFunctionType] kotlin.Function1<T of kotlin.StandardKt.apply, kotlin.Unit>): T of kotlin.StandardKt.apply [inline] declared in kotlin.StandardKt' type=android.widget.TextView origin=null
        <T>: android.widget.TextView
        $receiver: CONSTRUCTOR_CALL 'public constructor <init> (p0: @[FlexibleNullability] android.content.Context?) declared in android.widget.TextView' type=android.widget.TextView origin=null
          p0: GET_VAR '<this>: com.shieldtechhub.shieldkids.ChildDetailActivity declared in com.shieldtechhub.shieldkids.ChildDetailActivity.addDeviceItem' type=com.shieldtechhub.shieldkids.ChildDetailActivity origin=null
        block: BLOCK type=@[ExtensionFunctionType] kotlin.Function1<android.widget.TextView, kotlin.Unit> origin=LAMBDA
          COMPOSITE type=kotlin.Unit origin=null
          FUNCTION_REFERENCE 'private final fun addDeviceItem$lambda$11 ($deviceName: kotlin.String): kotlin.Unit declared in com.shieldtechhub.shieldkids.ChildDetailActivity' type=@[ExtensionFunctionType] kotlin.Function1<android.widget.TextView, kotlin.Unit> origin=INLINE_LAMBDA reflectionTarget=null
            $deviceName: GET_VAR 'deviceName: kotlin.String declared in com.shieldtechhub.shieldkids.ChildDetailActivity.addDeviceItem' type=kotlin.String origin=null
    VAR name:statusText type:android.widget.TextView [val]
      CALL 'public final fun apply <T> (block: @[ExtensionFunctionType] kotlin.Function1<T of kotlin.StandardKt.apply, kotlin.Unit>): T of kotlin.StandardKt.apply [inline] declared in kotlin.StandardKt' type=android.widget.TextView origin=null
        <T>: android.widget.TextView
        $receiver: CONSTRUCTOR_CALL 'public constructor <init> (p0: @[FlexibleNullability] android.content.Context?) declared in android.widget.TextView' type=android.widget.TextView origin=null
          p0: GET_VAR '<this>: com.shieldtechhub.shieldkids.ChildDetailActivity declared in com.shieldtechhub.shieldkids.ChildDetailActivity.addDeviceItem' type=com.shieldtechhub.shieldkids.ChildDetailActivity origin=null
        block: BLOCK type=@[ExtensionFunctionType] kotlin.Function1<android.widget.TextView, kotlin.Unit> origin=LAMBDA
          COMPOSITE type=kotlin.Unit origin=null
          FUNCTION_REFERENCE 'private final fun addDeviceItem$lambda$13 (): kotlin.Unit declared in com.shieldtechhub.shieldkids.ChildDetailActivity' type=@[ExtensionFunctionType] kotlin.Function1<android.widget.TextView, kotlin.Unit> origin=INLINE_LAMBDA reflectionTarget=null
    VAR name:removeButton type:android.widget.Button [val]
      CALL 'public final fun apply <T> (block: @[ExtensionFunctionType] kotlin.Function1<T of kotlin.StandardKt.apply, kotlin.Unit>): T of kotlin.StandardKt.apply [inline] declared in kotlin.StandardKt' type=android.widget.Button origin=null
        <T>: android.widget.Button
        $receiver: CONSTRUCTOR_CALL 'public constructor <init> (p0: @[FlexibleNullability] android.content.Context?) declared in android.widget.Button' type=android.widget.Button origin=null
          p0: GET_VAR '<this>: com.shieldtechhub.shieldkids.ChildDetailActivity declared in com.shieldtechhub.shieldkids.ChildDetailActivity.addDeviceItem' type=com.shieldtechhub.shieldkids.ChildDetailActivity origin=null
        block: BLOCK type=@[ExtensionFunctionType] kotlin.Function1<android.widget.Button, kotlin.Unit> origin=LAMBDA
          COMPOSITE type=kotlin.Unit origin=null
          FUNCTION_REFERENCE 'private final fun addDeviceItem$lambda$15 (this$0: com.shieldtechhub.shieldkids.ChildDetailActivity, $deviceId: kotlin.String, $deviceName: kotlin.String): kotlin.Unit declared in com.shieldtechhub.shieldkids.ChildDetailActivity' type=@[ExtensionFunctionType] kotlin.Function1<android.widget.Button, kotlin.Unit> origin=INLINE_LAMBDA reflectionTarget=null
            this$0: GET_VAR '<this>: com.shieldtechhub.shieldkids.ChildDetailActivity declared in com.shieldtechhub.shieldkids.ChildDetailActivity.addDeviceItem' type=com.shieldtechhub.shieldkids.ChildDetailActivity origin=null
            $deviceId: GET_VAR 'deviceId: kotlin.String declared in com.shieldtechhub.shieldkids.ChildDetailActivity.addDeviceItem' type=kotlin.String origin=null
            $deviceName: GET_VAR 'deviceName: kotlin.String declared in com.shieldtechhub.shieldkids.ChildDetailActivity.addDeviceItem' type=kotlin.String origin=null
    CALL 'public open fun addView (p0: @[FlexibleNullability] android.view.View?): kotlin.Unit [fake_override] declared in android.widget.LinearLayout' type=kotlin.Unit origin=null
      $this: GET_VAR 'val deviceView: android.widget.LinearLayout [val] declared in com.shieldtechhub.shieldkids.ChildDetailActivity.addDeviceItem' type=android.widget.LinearLayout origin=null
      p0: GET_VAR 'val icon: android.widget.TextView [val] declared in com.shieldtechhub.shieldkids.ChildDetailActivity.addDeviceItem' type=android.widget.TextView origin=null
    CALL 'public open fun addView (p0: @[FlexibleNullability] android.view.View?): kotlin.Unit [fake_override] declared in android.widget.LinearLayout' type=kotlin.Unit origin=null
      $this: GET_VAR 'val deviceView: android.widget.LinearLayout [val] declared in com.shieldtechhub.shieldkids.ChildDetailActivity.addDeviceItem' type=android.widget.LinearLayout origin=null
      p0: GET_VAR 'val nameText: android.widget.TextView [val] declared in com.shieldtechhub.shieldkids.ChildDetailActivity.addDeviceItem' type=android.widget.TextView origin=null
    CALL 'public open fun addView (p0: @[FlexibleNullability] android.view.View?): kotlin.Unit [fake_override] declared in android.widget.LinearLayout' type=kotlin.Unit origin=null
      $this: GET_VAR 'val deviceView: android.widget.LinearLayout [val] declared in com.shieldtechhub.shieldkids.ChildDetailActivity.addDeviceItem' type=android.widget.LinearLayout origin=null
      p0: GET_VAR 'val statusText: android.widget.TextView [val] declared in com.shieldtechhub.shieldkids.ChildDetailActivity.addDeviceItem' type=android.widget.TextView origin=null
    CALL 'public open fun addView (p0: @[FlexibleNullability] android.view.View?): kotlin.Unit [fake_override] declared in android.widget.LinearLayout' type=kotlin.Unit origin=null
      $this: GET_VAR 'val deviceView: android.widget.LinearLayout [val] declared in com.shieldtechhub.shieldkids.ChildDetailActivity.addDeviceItem' type=android.widget.LinearLayout origin=null
      p0: GET_VAR 'val removeButton: android.widget.Button [val] declared in com.shieldtechhub.shieldkids.ChildDetailActivity.addDeviceItem' type=android.widget.Button origin=null
    CALL 'public open fun addView (p0: @[FlexibleNullability] android.view.View?): kotlin.Unit [fake_override] declared in android.widget.LinearLayout' type=kotlin.Unit origin=null
      $this: GET_VAR 'container: android.widget.LinearLayout declared in com.shieldtechhub.shieldkids.ChildDetailActivity.addDeviceItem' type=android.widget.LinearLayout origin=null
      p0: GET_VAR 'val deviceView: android.widget.LinearLayout [val] declared in com.shieldtechhub.shieldkids.ChildDetailActivity.addDeviceItem' type=android.widget.LinearLayout origin=null

	at org.jetbrains.kotlin.backend.jvm.codegen.FunctionCodegen.generate(FunctionCodegen.kt:47)
	at org.jetbrains.kotlin.backend.jvm.codegen.FunctionCodegen.generate$default(FunctionCodegen.kt:40)
	at org.jetbrains.kotlin.backend.jvm.codegen.ClassCodegen.generateMethodNode(ClassCodegen.kt:406)
	at org.jetbrains.kotlin.backend.jvm.codegen.ClassCodegen.generateMethod(ClassCodegen.kt:423)
	at org.jetbrains.kotlin.backend.jvm.codegen.ClassCodegen.generate(ClassCodegen.kt:168)
	at org.jetbrains.kotlin.backend.jvm.FileCodegen.lower(JvmPhases.kt:39)
	at org.jetbrains.kotlin.backend.common.phaser.PhaseFactoriesKt.createFilePhase$lambda$4(PhaseFactories.kt:71)
	at org.jetbrains.kotlin.backend.common.phaser.PhaseBuildersKt$createSimpleNamedCompilerPhase$1.phaseBody(PhaseBuilders.kt:69)
	at org.jetbrains.kotlin.backend.common.phaser.SimpleNamedCompilerPhase.phaseBody(CompilerPhase.kt:226)
	at org.jetbrains.kotlin.backend.common.phaser.AbstractNamedCompilerPhase.invoke(CompilerPhase.kt:113)
	at org.jetbrains.kotlin.backend.common.phaser.PerformByIrFilePhase.invokeSequential(performByIrFile.kt:62)
	... 44 more
Caused by: java.lang.RuntimeException: Exception while generating code for:
FUN INLINE_LAMBDA name:addDeviceItem$lambda$11 visibility:private modality:FINAL <> ($receiver:android.widget.TextView, $deviceName:kotlin.String) returnType:kotlin.Unit
  $receiver: VALUE_PARAMETER name:$this$apply type:android.widget.TextView
  VALUE_PARAMETER BOUND_VALUE_PARAMETER name:$deviceName index:0 type:kotlin.String
  BLOCK_BODY
    VAR name:$i$a$-apply-ChildDetailActivity$addDeviceItem$nameText$1 type:kotlin.Int [val]
      CONST Int type=kotlin.Int value=0
    CALL 'public final fun setText (p0: @[FlexibleNullability] kotlin.CharSequence?): kotlin.Unit declared in android.widget.TextView' type=kotlin.Unit origin=EQ
      $this: GET_VAR '$this$apply: android.widget.TextView declared in com.shieldtechhub.shieldkids.ChildDetailActivity.addDeviceItem$lambda$11' type=android.widget.TextView origin=null
      p0: GET_VAR '$deviceName: kotlin.String declared in com.shieldtechhub.shieldkids.ChildDetailActivity.addDeviceItem$lambda$11' type=kotlin.String origin=null
    CALL 'public open fun setTextSize (p0: kotlin.Float): kotlin.Unit declared in android.widget.TextView' type=kotlin.Unit origin=EQ
      $this: GET_VAR '$this$apply: android.widget.TextView declared in com.shieldtechhub.shieldkids.ChildDetailActivity.addDeviceItem$lambda$11' type=android.widget.TextView origin=null
      p0: CONST Float type=kotlin.Float value=16.0
    SET_FIELD 'FIELD IR_EXTERNAL_JAVA_DECLARATION_STUB name:textColor type:kotlin.Int visibility:public [final,static] declared in android.R.attr' type=kotlin.Unit superQualifierSymbol=android.R.attr origin=EQ
      value: CALL 'public open fun getColor (p0: kotlin.Int, p1: @[EnhancedNullability] android.content.res.Resources.Theme?): kotlin.Int declared in android.content.res.Resources' type=kotlin.Int origin=null
        $this: CALL 'public open fun getResources (): @[FlexibleNullability] android.content.res.Resources? [fake_override] declared in android.widget.TextView' type=@[FlexibleNullability] android.content.res.Resources? origin=GET_PROPERTY
          $this: GET_VAR '$this$apply: android.widget.TextView declared in com.shieldtechhub.shieldkids.ChildDetailActivity.addDeviceItem$lambda$11' type=android.widget.TextView origin=null
        p0: GET_FIELD 'FIELD IR_EXTERNAL_JAVA_DECLARATION_STUB name:black type:kotlin.Int visibility:public [static] declared in com.shieldtechhub.shieldkids.R.color' type=kotlin.Int superQualifierSymbol=com.shieldtechhub.shieldkids.R.color origin=null
        p1: CONST Null type=kotlin.Nothing? value=null
    CALL 'public open fun setLayoutParams (p0: @[FlexibleNullability] android.view.ViewGroup.LayoutParams?): kotlin.Unit [fake_override] declared in android.widget.TextView' type=kotlin.Unit origin=EQ
      $this: GET_VAR '$this$apply: android.widget.TextView declared in com.shieldtechhub.shieldkids.ChildDetailActivity.addDeviceItem$lambda$11' type=android.widget.TextView origin=null
      p0: CALL 'public final fun apply <T> (block: @[ExtensionFunctionType] kotlin.Function1<T of kotlin.StandardKt.apply, kotlin.Unit>): T of kotlin.StandardKt.apply [inline] declared in kotlin.StandardKt' type=android.widget.LinearLayout.LayoutParams origin=null
        <T>: android.widget.LinearLayout.LayoutParams
        $receiver: CONSTRUCTOR_CALL 'public constructor <init> (p0: kotlin.Int, p1: kotlin.Int) declared in android.widget.LinearLayout.LayoutParams' type=android.widget.LinearLayout.LayoutParams origin=null
          p0: CONST Int type=kotlin.Int value=0
          p1: CONST Int type=kotlin.Int value=-2
        block: BLOCK type=@[ExtensionFunctionType] kotlin.Function1<android.widget.LinearLayout.LayoutParams, kotlin.Unit> origin=LAMBDA
          COMPOSITE type=kotlin.Unit origin=null
          FUNCTION_REFERENCE 'private final fun addDeviceItem$lambda$11$lambda$10 (): kotlin.Unit declared in com.shieldtechhub.shieldkids.ChildDetailActivity' type=@[ExtensionFunctionType] kotlin.Function1<android.widget.LinearLayout.LayoutParams, kotlin.Unit> origin=INLINE_LAMBDA reflectionTarget=null

	at org.jetbrains.kotlin.backend.jvm.codegen.FunctionCodegen.generate(FunctionCodegen.kt:47)
	at org.jetbrains.kotlin.backend.jvm.codegen.IrSourceCompilerForInline.generateLambdaBody(IrSourceCompilerForInline.kt:67)
	at org.jetbrains.kotlin.codegen.inline.ExpressionLambda.generateLambdaBody(LambdaInfo.kt:72)
	at org.jetbrains.kotlin.backend.jvm.codegen.IrInlineCodegen.genValueAndPut(IrInlineCodegen.kt:100)
	at org.jetbrains.kotlin.backend.jvm.codegen.ExpressionCodegen.visitCall$handleParameter(ExpressionCodegen.kt:616)
	at org.jetbrains.kotlin.backend.jvm.codegen.ExpressionCodegen.visitCall(ExpressionCodegen.kt:644)
	at org.jetbrains.kotlin.backend.jvm.codegen.ExpressionCodegen.visitCall(ExpressionCodegen.kt:138)
	at org.jetbrains.kotlin.ir.expressions.IrCall.accept(IrCall.kt:24)
	at org.jetbrains.kotlin.backend.jvm.codegen.ExpressionCodegen.visitVariable(ExpressionCodegen.kt:790)
	at org.jetbrains.kotlin.backend.jvm.codegen.ExpressionCodegen.visitVariable(ExpressionCodegen.kt:138)
	at org.jetbrains.kotlin.ir.declarations.IrVariable.accept(IrVariable.kt:36)
	at org.jetbrains.kotlin.backend.jvm.codegen.ExpressionCodegen.visitStatementContainer(ExpressionCodegen.kt:579)
	at org.jetbrains.kotlin.backend.jvm.codegen.ExpressionCodegen.visitBlockBody(ExpressionCodegen.kt:584)
	at org.jetbrains.kotlin.backend.jvm.codegen.ExpressionCodegen.visitBlockBody(ExpressionCodegen.kt:138)
	at org.jetbrains.kotlin.ir.expressions.IrBlockBody.accept(IrBlockBody.kt:20)
	at org.jetbrains.kotlin.backend.jvm.codegen.ExpressionCodegen.generate(ExpressionCodegen.kt:240)
	at org.jetbrains.kotlin.backend.jvm.codegen.FunctionCodegen.doGenerate(FunctionCodegen.kt:123)
	at org.jetbrains.kotlin.backend.jvm.codegen.FunctionCodegen.generate(FunctionCodegen.kt:44)
	... 54 more
Caused by: java.lang.AssertionError: access of const val: SET_FIELD 'FIELD IR_EXTERNAL_JAVA_DECLARATION_STUB name:textColor type:kotlin.Int visibility:public [final,static] declared in android.R.attr' type=kotlin.Unit superQualifierSymbol=android.R.attr origin=EQ
  value: CALL 'public open fun getColor (p0: kotlin.Int, p1: @[EnhancedNullability] android.content.res.Resources.Theme?): kotlin.Int declared in android.content.res.Resources' type=kotlin.Int origin=null
    $this: CALL 'public open fun getResources (): @[FlexibleNullability] android.content.res.Resources? [fake_override] declared in android.widget.TextView' type=@[FlexibleNullability] android.content.res.Resources? origin=GET_PROPERTY
      $this: GET_VAR '$this$apply: android.widget.TextView declared in com.shieldtechhub.shieldkids.ChildDetailActivity.addDeviceItem$lambda$11' type=android.widget.TextView origin=null
    p0: GET_FIELD 'FIELD IR_EXTERNAL_JAVA_DECLARATION_STUB name:black type:kotlin.Int visibility:public [static] declared in com.shieldtechhub.shieldkids.R.color' type=kotlin.Int superQualifierSymbol=com.shieldtechhub.shieldkids.R.color origin=null
    p1: CONST Null type=kotlin.Nothing? value=null

	at org.jetbrains.kotlin.backend.jvm.codegen.ExpressionCodegen.visitFieldAccess(ExpressionCodegen.kt:861)
	at org.jetbrains.kotlin.backend.jvm.codegen.ExpressionCodegen.visitFieldAccess(ExpressionCodegen.kt:138)
	at org.jetbrains.kotlin.ir.visitors.IrElementVisitor$DefaultImpls.visitSetField(IrElementVisitor.kt:206)
	at org.jetbrains.kotlin.backend.jvm.codegen.ExpressionCodegen.visitSetField(ExpressionCodegen.kt:908)
	at org.jetbrains.kotlin.backend.jvm.codegen.ExpressionCodegen.visitSetField(ExpressionCodegen.kt:138)
	at org.jetbrains.kotlin.ir.expressions.IrSetField.accept(IrSetField.kt:21)
	at org.jetbrains.kotlin.backend.jvm.codegen.ExpressionCodegen.visitStatementContainer(ExpressionCodegen.kt:579)
	at org.jetbrains.kotlin.backend.jvm.codegen.ExpressionCodegen.visitBlockBody(ExpressionCodegen.kt:584)
	at org.jetbrains.kotlin.backend.jvm.codegen.ExpressionCodegen.visitBlockBody(ExpressionCodegen.kt:138)
	at org.jetbrains.kotlin.ir.expressions.IrBlockBody.accept(IrBlockBody.kt:20)
	at org.jetbrains.kotlin.backend.jvm.codegen.ExpressionCodegen.generate(ExpressionCodegen.kt:240)
	at org.jetbrains.kotlin.backend.jvm.codegen.FunctionCodegen.doGenerate(FunctionCodegen.kt:123)
	at org.jetbrains.kotlin.backend.jvm.codegen.FunctionCodegen.generate(FunctionCodegen.kt:44)
	... 71 more


